2019-09-06 09:54:47.942 INFO  com.itstyle.bpmn.Application Line:48  - Starting Application on YYW-0506 with PID 6660 (E:\workspaceIDEA\spring-boot-bpmn\target\classes started by zhaoqinli in E:\workspaceIDEA\spring-boot-bpmn)
2019-09-06 09:54:47.951 INFO  com.itstyle.bpmn.Application Line:593 - No active profile set, falling back to default profiles: default
2019-09-06 09:54:48.382 INFO  org.springframework.boot.context.embedded.AnnotationConfigEmbeddedWebApplicationContext Line:583 - Refreshing org.springframework.boot.context.embedded.AnnotationConfigEmbeddedWebApplicationContext@5a1de7fb: startup date [Fri Sep 06 09:54:48 CST 2019]; root of context hierarchy
2019-09-06 09:54:49.370 INFO  org.springframework.beans.factory.support.DefaultListableBeanFactory Line:828 - Overriding bean definition for bean 'dataSource' with a different definition: replacing [Root bean: class [null]; scope=; abstract=false; lazyInit=false; autowireMode=3; dependencyCheck=0; autowireCandidate=true; primary=false; factoryBeanName=org.springframework.boot.autoconfigure.jdbc.DataSourceConfiguration$Dbcp; factoryMethodName=dataSource; initMethodName=null; destroyMethodName=(inferred); defined in class path resource [org/springframework/boot/autoconfigure/jdbc/DataSourceConfiguration$Dbcp.class]] with [Root bean: class [null]; scope=; abstract=false; lazyInit=false; autowireMode=3; dependencyCheck=0; autowireCandidate=true; primary=false; factoryBeanName=org.springframework.boot.autoconfigure.jdbc.DataSourceConfiguration$Tomcat; factoryMethodName=dataSource; initMethodName=null; destroyMethodName=(inferred); defined in class path resource [org/springframework/boot/autoconfigure/jdbc/DataSourceConfiguration$Tomcat.class]]
2019-09-06 09:54:50.122 INFO  org.springframework.context.support.PostProcessorRegistrationDelegate$BeanPostProcessorChecker Line:327 - Bean 'org.springframework.transaction.annotation.ProxyTransactionManagementConfiguration' of type [org.springframework.transaction.annotation.ProxyTransactionManagementConfiguration$$EnhancerBySpringCGLIB$$dafb7aa3] is not eligible for getting processed by all BeanPostProcessors (for example: not eligible for auto-proxying)
2019-09-06 09:54:50.503 INFO  org.xnio Line:104 - XNIO version 3.3.8.Final
2019-09-06 09:54:50.526 INFO  org.xnio.nio Line:55  - XNIO NIO Implementation Version 3.3.8.Final
2019-09-06 09:54:50.609 INFO  io.undertow.servlet Line:360 - Initializing Spring embedded WebApplicationContext
2019-09-06 09:54:50.610 INFO  org.springframework.web.context.ContextLoader Line:276 - Root WebApplicationContext: initialization completed in 2228 ms
2019-09-06 09:54:50.849 INFO  org.springframework.boot.web.servlet.ServletRegistrationBean Line:190 - Mapping servlet: 'dispatcherServlet' to [/]
2019-09-06 09:54:50.856 INFO  org.springframework.boot.web.servlet.FilterRegistrationBean Line:258 - Mapping filter: 'characterEncodingFilter' to: [/*]
2019-09-06 09:54:50.859 INFO  org.springframework.boot.web.servlet.FilterRegistrationBean Line:258 - Mapping filter: 'hiddenHttpMethodFilter' to: [/*]
2019-09-06 09:54:50.859 INFO  org.springframework.boot.web.servlet.FilterRegistrationBean Line:258 - Mapping filter: 'httpPutFormContentFilter' to: [/*]
2019-09-06 09:54:50.859 INFO  org.springframework.boot.web.servlet.FilterRegistrationBean Line:258 - Mapping filter: 'requestContextFilter' to: [/*]
2019-09-06 09:54:51.335 INFO  org.springframework.orm.jpa.LocalContainerEntityManagerFactoryBean Line:356 - Building JPA container EntityManagerFactory for persistence unit 'default'
2019-09-06 09:54:51.349 INFO  org.hibernate.jpa.internal.util.LogHelper Line:31  - HHH000204: Processing PersistenceUnitInfo [
	name: default
	...]
2019-09-06 09:54:51.447 INFO  org.hibernate.Version Line:37  - HHH000412: Hibernate Core {5.0.12.Final}
2019-09-06 09:54:51.450 INFO  org.hibernate.cfg.Environment Line:213 - HHH000206: hibernate.properties not found
2019-09-06 09:54:51.451 INFO  org.hibernate.cfg.Environment Line:317 - HHH000021: Bytecode provider name : javassist
2019-09-06 09:54:51.515 INFO  org.hibernate.annotations.common.Version Line:66  - HCANN000001: Hibernate Commons Annotations {5.0.1.Final}
2019-09-06 09:54:52.150 INFO  org.hibernate.dialect.Dialect Line:156 - HHH000400: Using dialect: org.hibernate.dialect.MySQL5Dialect
2019-09-06 09:54:52.857 INFO  org.hibernate.tool.hbm2ddl.SchemaUpdate Line:105 - HHH000228: Running hbm2ddl schema update
2019-09-06 09:54:53.294 INFO  org.springframework.orm.jpa.LocalContainerEntityManagerFactoryBean Line:392 - Initialized JPA EntityManagerFactory for persistence unit 'default'
2019-09-06 09:54:55.249 INFO  org.activiti.engine.impl.ProcessEngineImpl Line:85  - ProcessEngine default created
2019-09-06 09:54:55.948 INFO  org.springframework.web.servlet.mvc.method.annotation.RequestMappingHandlerAdapter Line:534 - Looking for @ControllerAdvice: org.springframework.boot.context.embedded.AnnotationConfigEmbeddedWebApplicationContext@5a1de7fb: startup date [Fri Sep 06 09:54:48 CST 2019]; root of context hierarchy
2019-09-06 09:54:56.037 INFO  org.springframework.web.servlet.mvc.method.annotation.RequestMappingHandlerMapping Line:543 - Mapped "{[/{module}/{sub}/{url}.shtml]}" onto public java.lang.String com.itstyle.bpmn.common.config.IndexController.page(java.lang.String,java.lang.String,java.lang.String)
2019-09-06 09:54:56.039 INFO  org.springframework.web.servlet.mvc.method.annotation.RequestMappingHandlerMapping Line:543 - Mapped "{[/{module}/{url}.shtml]}" onto public java.lang.String com.itstyle.bpmn.common.config.IndexController.page(java.lang.String,java.lang.String)
2019-09-06 09:54:56.039 INFO  org.springframework.web.servlet.mvc.method.annotation.RequestMappingHandlerMapping Line:543 - Mapped "{[/{url}.shtml]}" onto public java.lang.String com.itstyle.bpmn.common.config.IndexController.page(java.lang.String)
2019-09-06 09:54:56.041 INFO  org.springframework.web.servlet.mvc.method.annotation.RequestMappingHandlerMapping Line:543 - Mapped "{[/bpmn/remove]}" onto public com.itstyle.bpmn.common.entity.Result com.itstyle.bpmn.web.BpmnController.remove(java.lang.Integer,javax.servlet.http.HttpServletRequest)
2019-09-06 09:54:56.042 INFO  org.springframework.web.servlet.mvc.method.annotation.RequestMappingHandlerMapping Line:543 - Mapped "{[/bpmn/get]}" onto public com.itstyle.bpmn.common.entity.Result com.itstyle.bpmn.web.BpmnController.get(java.lang.Integer,javax.servlet.http.HttpServletRequest)
2019-09-06 09:54:56.043 INFO  org.springframework.web.servlet.mvc.method.annotation.RequestMappingHandlerMapping Line:543 - Mapped "{[/bpmn/list]}" onto public com.itstyle.bpmn.common.entity.Result com.itstyle.bpmn.web.BpmnController.list(java.util.Map<java.lang.String, java.lang.Object>,javax.servlet.http.HttpServletRequest)
2019-09-06 09:54:56.044 INFO  org.springframework.web.servlet.mvc.method.annotation.RequestMappingHandlerMapping Line:543 - Mapped "{[/bpmn/save]}" onto public com.itstyle.bpmn.common.entity.Result com.itstyle.bpmn.web.BpmnController.save(com.itstyle.bpmn.entity.BpmnModel,javax.servlet.http.HttpServletRequest)
2019-09-06 09:54:56.045 INFO  org.springframework.web.servlet.mvc.method.annotation.RequestMappingHandlerMapping Line:543 - Mapped "{[/bpmn/cancel]}" onto public com.itstyle.bpmn.common.entity.Result com.itstyle.bpmn.web.BpmnController.cancel(java.lang.Integer,javax.servlet.http.HttpServletRequest)
2019-09-06 09:54:56.046 INFO  org.springframework.web.servlet.mvc.method.annotation.RequestMappingHandlerMapping Line:543 - Mapped "{[/bpmn/download]}" onto public void com.itstyle.bpmn.web.BpmnController.download(javax.servlet.http.HttpServletResponse,javax.servlet.http.HttpServletRequest)
2019-09-06 09:54:56.047 INFO  org.springframework.web.servlet.mvc.method.annotation.RequestMappingHandlerMapping Line:543 - Mapped "{[/elfinder/connector]}" onto public void com.itstyle.bpmn.web.ElfinderController.connector(javax.servlet.http.HttpServletRequest,javax.servlet.http.HttpServletResponse) throws java.io.IOException
2019-09-06 09:54:56.049 INFO  org.springframework.web.servlet.mvc.method.annotation.RequestMappingHandlerMapping Line:543 - Mapped "{[/getUser]}" onto public com.itstyle.bpmn.entity.SysUser com.itstyle.bpmn.web.LoginController.getUser(javax.servlet.http.HttpServletRequest)
2019-09-06 09:54:56.050 INFO  org.springframework.web.servlet.mvc.method.annotation.RequestMappingHandlerMapping Line:543 - Mapped "{[/logout]}" onto public void com.itstyle.bpmn.web.LoginController.logout(javax.servlet.http.HttpServletRequest,javax.servlet.http.HttpServletResponse) throws java.io.IOException
2019-09-06 09:54:56.051 INFO  org.springframework.web.servlet.mvc.method.annotation.RequestMappingHandlerMapping Line:543 - Mapped "{[/login],methods=[POST]}" onto public com.itstyle.bpmn.common.entity.Result com.itstyle.bpmn.web.LoginController.login(java.lang.String,java.lang.String,javax.servlet.http.HttpServletRequest)
2019-09-06 09:54:56.054 INFO  org.springframework.web.servlet.mvc.method.annotation.RequestMappingHandlerMapping Line:543 - Mapped "{[/models/deploy]}" onto public com.itstyle.bpmn.common.entity.Result com.itstyle.bpmn.web.ModelerController.deploy(java.lang.Integer,javax.servlet.http.HttpServletRequest) throws java.lang.Exception
2019-09-06 09:54:56.055 INFO  org.springframework.web.servlet.mvc.method.annotation.RequestMappingHandlerMapping Line:543 - Mapped "{[/models/deployList]}" onto public com.itstyle.bpmn.common.entity.Result com.itstyle.bpmn.web.ModelerController.deployList(java.util.Map<java.lang.String, java.lang.Object>,javax.servlet.http.HttpServletRequest)
2019-09-06 09:54:56.056 INFO  org.springframework.web.servlet.mvc.method.annotation.RequestMappingHandlerMapping Line:543 - Mapped "{[/models/deleteDeploy]}" onto public com.itstyle.bpmn.common.entity.Result com.itstyle.bpmn.web.ModelerController.deleteDeploy(java.lang.String,javax.servlet.http.HttpServletRequest)
2019-09-06 09:54:56.059 INFO  org.springframework.web.servlet.mvc.method.annotation.RequestMappingHandlerMapping Line:543 - Mapped "{[/user/remove]}" onto public com.itstyle.bpmn.common.entity.Result com.itstyle.bpmn.web.UserController.remove(java.lang.Integer,javax.servlet.http.HttpServletRequest)
2019-09-06 09:54:56.060 INFO  org.springframework.web.servlet.mvc.method.annotation.RequestMappingHandlerMapping Line:543 - Mapped "{[/user/get]}" onto public com.itstyle.bpmn.common.entity.Result com.itstyle.bpmn.web.UserController.get(java.lang.Integer,javax.servlet.http.HttpServletRequest)
2019-09-06 09:54:56.061 INFO  org.springframework.web.servlet.mvc.method.annotation.RequestMappingHandlerMapping Line:543 - Mapped "{[/user/list]}" onto public com.itstyle.bpmn.common.entity.Result com.itstyle.bpmn.web.UserController.list(java.util.Map<java.lang.String, java.lang.Object>,javax.servlet.http.HttpServletRequest)
2019-09-06 09:54:56.062 INFO  org.springframework.web.servlet.mvc.method.annotation.RequestMappingHandlerMapping Line:543 - Mapped "{[/user/save]}" onto public com.itstyle.bpmn.common.entity.Result com.itstyle.bpmn.web.UserController.save(com.itstyle.bpmn.entity.SysUser,javax.servlet.http.HttpServletRequest)
2019-09-06 09:54:56.062 INFO  org.springframework.web.servlet.mvc.method.annotation.RequestMappingHandlerMapping Line:543 - Mapped "{[/user/reset]}" onto public com.itstyle.bpmn.common.entity.Result com.itstyle.bpmn.web.UserController.reset(com.itstyle.bpmn.entity.SysUser,javax.servlet.http.HttpServletRequest)
2019-09-06 09:54:56.063 INFO  org.springframework.web.servlet.mvc.method.annotation.RequestMappingHandlerMapping Line:543 - Mapped "{[/user/edit]}" onto public com.itstyle.bpmn.common.entity.Result com.itstyle.bpmn.web.UserController.edit(com.itstyle.bpmn.entity.SysUser,javax.servlet.http.HttpServletRequest)
2019-09-06 09:54:56.066 INFO  org.springframework.web.servlet.mvc.method.annotation.RequestMappingHandlerMapping Line:543 - Mapped "{[/error]}" onto public org.springframework.http.ResponseEntity<java.util.Map<java.lang.String, java.lang.Object>> org.springframework.boot.autoconfigure.web.BasicErrorController.error(javax.servlet.http.HttpServletRequest)
2019-09-06 09:54:56.066 INFO  org.springframework.web.servlet.mvc.method.annotation.RequestMappingHandlerMapping Line:543 - Mapped "{[/error],produces=[text/html]}" onto public org.springframework.web.servlet.ModelAndView org.springframework.boot.autoconfigure.web.BasicErrorController.errorHtml(javax.servlet.http.HttpServletRequest,javax.servlet.http.HttpServletResponse)
2019-09-06 09:54:56.093 INFO  org.springframework.web.servlet.handler.SimpleUrlHandlerMapping Line:349 - Root mapping to handler of type [class org.springframework.web.servlet.mvc.ParameterizableViewController]
2019-09-06 09:54:56.113 INFO  org.springframework.web.servlet.handler.SimpleUrlHandlerMapping Line:362 - Mapped URL path [/webjars/**] onto handler of type [class org.springframework.web.servlet.resource.ResourceHttpRequestHandler]
2019-09-06 09:54:56.113 INFO  org.springframework.web.servlet.handler.SimpleUrlHandlerMapping Line:362 - Mapped URL path [/**] onto handler of type [class org.springframework.web.servlet.resource.ResourceHttpRequestHandler]
2019-09-06 09:54:56.143 INFO  org.springframework.web.servlet.mvc.method.annotation.ExceptionHandlerExceptionResolver Line:273 - Detected @ExceptionHandler methods in RRExceptionHandler
2019-09-06 09:54:56.180 INFO  org.springframework.web.servlet.handler.SimpleUrlHandlerMapping Line:362 - Mapped URL path [/**/favicon.ico] onto handler of type [class org.springframework.web.servlet.resource.ResourceHttpRequestHandler]
2019-09-06 09:54:56.727 INFO  org.springframework.jmx.export.annotation.AnnotationMBeanExporter Line:431 - Registering beans for JMX exposure on startup
2019-09-06 09:54:56.837 INFO  org.springframework.boot.context.embedded.undertow.UndertowEmbeddedServletContainer Line:160 - Undertow started on port(s) 8080 (http)
2019-09-06 09:54:56.843 INFO  com.itstyle.bpmn.Application Line:57  - Started Application in 9.713 seconds (JVM running for 11.609)
2019-09-06 09:54:56.843 INFO  com.itstyle.bpmn.Application Line:38  - 工作流作图服务 
2019-09-06 09:55:49.443 INFO  io.undertow.servlet Line:360 - Initializing Spring FrameworkServlet 'dispatcherServlet'
2019-09-06 09:55:49.444 INFO  org.springframework.web.servlet.DispatcherServlet Line:489 - FrameworkServlet 'dispatcherServlet': initialization started
2019-09-06 09:55:49.469 INFO  org.springframework.web.servlet.DispatcherServlet Line:508 - FrameworkServlet 'dispatcherServlet': initialization completed in 24 ms
2019-09-06 10:10:40.278 INFO  com.itstyle.bpmn.Application Line:48  - Starting Application on YYW-0506 with PID 8480 (E:\workspaceIDEA\spring-boot-bpmn\target\classes started by zhaoqinli in E:\workspaceIDEA\spring-boot-bpmn)
2019-09-06 10:10:40.284 INFO  com.itstyle.bpmn.Application Line:593 - No active profile set, falling back to default profiles: default
2019-09-06 10:10:40.735 INFO  org.springframework.boot.context.embedded.AnnotationConfigEmbeddedWebApplicationContext Line:583 - Refreshing org.springframework.boot.context.embedded.AnnotationConfigEmbeddedWebApplicationContext@71454b9d: startup date [Fri Sep 06 10:10:40 CST 2019]; root of context hierarchy
2019-09-06 10:10:41.836 INFO  org.springframework.beans.factory.support.DefaultListableBeanFactory Line:828 - Overriding bean definition for bean 'dataSource' with a different definition: replacing [Root bean: class [null]; scope=; abstract=false; lazyInit=false; autowireMode=3; dependencyCheck=0; autowireCandidate=true; primary=false; factoryBeanName=org.springframework.boot.autoconfigure.jdbc.DataSourceConfiguration$Dbcp; factoryMethodName=dataSource; initMethodName=null; destroyMethodName=(inferred); defined in class path resource [org/springframework/boot/autoconfigure/jdbc/DataSourceConfiguration$Dbcp.class]] with [Root bean: class [null]; scope=; abstract=false; lazyInit=false; autowireMode=3; dependencyCheck=0; autowireCandidate=true; primary=false; factoryBeanName=org.springframework.boot.autoconfigure.jdbc.DataSourceConfiguration$Tomcat; factoryMethodName=dataSource; initMethodName=null; destroyMethodName=(inferred); defined in class path resource [org/springframework/boot/autoconfigure/jdbc/DataSourceConfiguration$Tomcat.class]]
2019-09-06 10:10:42.608 INFO  org.springframework.context.support.PostProcessorRegistrationDelegate$BeanPostProcessorChecker Line:327 - Bean 'org.springframework.transaction.annotation.ProxyTransactionManagementConfiguration' of type [org.springframework.transaction.annotation.ProxyTransactionManagementConfiguration$$EnhancerBySpringCGLIB$$c5f0d15b] is not eligible for getting processed by all BeanPostProcessors (for example: not eligible for auto-proxying)
2019-09-06 10:10:43.031 INFO  org.xnio Line:104 - XNIO version 3.3.8.Final
2019-09-06 10:10:43.054 INFO  org.xnio.nio Line:55  - XNIO NIO Implementation Version 3.3.8.Final
2019-09-06 10:10:43.132 INFO  io.undertow.servlet Line:360 - Initializing Spring embedded WebApplicationContext
2019-09-06 10:10:43.133 INFO  org.springframework.web.context.ContextLoader Line:276 - Root WebApplicationContext: initialization completed in 2398 ms
2019-09-06 10:10:43.311 INFO  org.springframework.boot.web.servlet.ServletRegistrationBean Line:190 - Mapping servlet: 'dispatcherServlet' to [/]
2019-09-06 10:10:43.317 INFO  org.springframework.boot.web.servlet.FilterRegistrationBean Line:258 - Mapping filter: 'characterEncodingFilter' to: [/*]
2019-09-06 10:10:43.319 INFO  org.springframework.boot.web.servlet.FilterRegistrationBean Line:258 - Mapping filter: 'hiddenHttpMethodFilter' to: [/*]
2019-09-06 10:10:43.320 INFO  org.springframework.boot.web.servlet.FilterRegistrationBean Line:258 - Mapping filter: 'httpPutFormContentFilter' to: [/*]
2019-09-06 10:10:43.320 INFO  org.springframework.boot.web.servlet.FilterRegistrationBean Line:258 - Mapping filter: 'requestContextFilter' to: [/*]
2019-09-06 10:10:43.786 INFO  org.springframework.orm.jpa.LocalContainerEntityManagerFactoryBean Line:356 - Building JPA container EntityManagerFactory for persistence unit 'default'
2019-09-06 10:10:43.804 INFO  org.hibernate.jpa.internal.util.LogHelper Line:31  - HHH000204: Processing PersistenceUnitInfo [
	name: default
	...]
2019-09-06 10:10:43.895 INFO  org.hibernate.Version Line:37  - HHH000412: Hibernate Core {5.0.12.Final}
2019-09-06 10:10:43.897 INFO  org.hibernate.cfg.Environment Line:213 - HHH000206: hibernate.properties not found
2019-09-06 10:10:43.898 INFO  org.hibernate.cfg.Environment Line:317 - HHH000021: Bytecode provider name : javassist
2019-09-06 10:10:43.960 INFO  org.hibernate.annotations.common.Version Line:66  - HCANN000001: Hibernate Commons Annotations {5.0.1.Final}
2019-09-06 10:10:44.675 INFO  org.hibernate.dialect.Dialect Line:156 - HHH000400: Using dialect: org.hibernate.dialect.MySQL5Dialect
2019-09-06 10:10:45.345 INFO  org.hibernate.tool.hbm2ddl.SchemaUpdate Line:105 - HHH000228: Running hbm2ddl schema update
2019-09-06 10:10:45.733 INFO  org.springframework.orm.jpa.LocalContainerEntityManagerFactoryBean Line:392 - Initialized JPA EntityManagerFactory for persistence unit 'default'
2019-09-06 10:10:47.710 INFO  org.activiti.engine.impl.ProcessEngineImpl Line:85  - ProcessEngine default created
2019-09-06 10:10:48.365 INFO  org.springframework.web.servlet.mvc.method.annotation.RequestMappingHandlerAdapter Line:534 - Looking for @ControllerAdvice: org.springframework.boot.context.embedded.AnnotationConfigEmbeddedWebApplicationContext@71454b9d: startup date [Fri Sep 06 10:10:40 CST 2019]; root of context hierarchy
2019-09-06 10:10:48.456 INFO  org.springframework.web.servlet.mvc.method.annotation.RequestMappingHandlerMapping Line:543 - Mapped "{[/{module}/{sub}/{url}.shtml]}" onto public java.lang.String com.itstyle.bpmn.common.config.IndexController.page(java.lang.String,java.lang.String,java.lang.String)
2019-09-06 10:10:48.458 INFO  org.springframework.web.servlet.mvc.method.annotation.RequestMappingHandlerMapping Line:543 - Mapped "{[/{module}/{url}.shtml]}" onto public java.lang.String com.itstyle.bpmn.common.config.IndexController.page(java.lang.String,java.lang.String)
2019-09-06 10:10:48.459 INFO  org.springframework.web.servlet.mvc.method.annotation.RequestMappingHandlerMapping Line:543 - Mapped "{[/{url}.shtml]}" onto public java.lang.String com.itstyle.bpmn.common.config.IndexController.page(java.lang.String)
2019-09-06 10:10:48.461 INFO  org.springframework.web.servlet.mvc.method.annotation.RequestMappingHandlerMapping Line:543 - Mapped "{[/bpmn/remove]}" onto public com.itstyle.bpmn.common.entity.Result com.itstyle.bpmn.web.BpmnController.remove(java.lang.Integer,javax.servlet.http.HttpServletRequest)
2019-09-06 10:10:48.462 INFO  org.springframework.web.servlet.mvc.method.annotation.RequestMappingHandlerMapping Line:543 - Mapped "{[/bpmn/get]}" onto public com.itstyle.bpmn.common.entity.Result com.itstyle.bpmn.web.BpmnController.get(java.lang.Integer,javax.servlet.http.HttpServletRequest)
2019-09-06 10:10:48.462 INFO  org.springframework.web.servlet.mvc.method.annotation.RequestMappingHandlerMapping Line:543 - Mapped "{[/bpmn/list]}" onto public com.itstyle.bpmn.common.entity.Result com.itstyle.bpmn.web.BpmnController.list(java.util.Map<java.lang.String, java.lang.Object>,javax.servlet.http.HttpServletRequest)
2019-09-06 10:10:48.463 INFO  org.springframework.web.servlet.mvc.method.annotation.RequestMappingHandlerMapping Line:543 - Mapped "{[/bpmn/save]}" onto public com.itstyle.bpmn.common.entity.Result com.itstyle.bpmn.web.BpmnController.save(com.itstyle.bpmn.entity.BpmnModel,javax.servlet.http.HttpServletRequest)
2019-09-06 10:10:48.464 INFO  org.springframework.web.servlet.mvc.method.annotation.RequestMappingHandlerMapping Line:543 - Mapped "{[/bpmn/cancel]}" onto public com.itstyle.bpmn.common.entity.Result com.itstyle.bpmn.web.BpmnController.cancel(java.lang.Integer,javax.servlet.http.HttpServletRequest)
2019-09-06 10:10:48.465 INFO  org.springframework.web.servlet.mvc.method.annotation.RequestMappingHandlerMapping Line:543 - Mapped "{[/bpmn/download]}" onto public void com.itstyle.bpmn.web.BpmnController.download(javax.servlet.http.HttpServletResponse,javax.servlet.http.HttpServletRequest)
2019-09-06 10:10:48.466 INFO  org.springframework.web.servlet.mvc.method.annotation.RequestMappingHandlerMapping Line:543 - Mapped "{[/elfinder/connector]}" onto public void com.itstyle.bpmn.web.ElfinderController.connector(javax.servlet.http.HttpServletRequest,javax.servlet.http.HttpServletResponse) throws java.io.IOException
2019-09-06 10:10:48.468 INFO  org.springframework.web.servlet.mvc.method.annotation.RequestMappingHandlerMapping Line:543 - Mapped "{[/getUser]}" onto public com.itstyle.bpmn.entity.SysUser com.itstyle.bpmn.web.LoginController.getUser(javax.servlet.http.HttpServletRequest)
2019-09-06 10:10:48.469 INFO  org.springframework.web.servlet.mvc.method.annotation.RequestMappingHandlerMapping Line:543 - Mapped "{[/logout]}" onto public void com.itstyle.bpmn.web.LoginController.logout(javax.servlet.http.HttpServletRequest,javax.servlet.http.HttpServletResponse) throws java.io.IOException
2019-09-06 10:10:48.469 INFO  org.springframework.web.servlet.mvc.method.annotation.RequestMappingHandlerMapping Line:543 - Mapped "{[/login],methods=[POST]}" onto public com.itstyle.bpmn.common.entity.Result com.itstyle.bpmn.web.LoginController.login(java.lang.String,java.lang.String,javax.servlet.http.HttpServletRequest)
2019-09-06 10:10:48.472 INFO  org.springframework.web.servlet.mvc.method.annotation.RequestMappingHandlerMapping Line:543 - Mapped "{[/models/deploy]}" onto public com.itstyle.bpmn.common.entity.Result com.itstyle.bpmn.web.ModelerController.deploy(java.lang.Integer,javax.servlet.http.HttpServletRequest) throws java.lang.Exception
2019-09-06 10:10:48.474 INFO  org.springframework.web.servlet.mvc.method.annotation.RequestMappingHandlerMapping Line:543 - Mapped "{[/models/deployList]}" onto public com.itstyle.bpmn.common.entity.Result com.itstyle.bpmn.web.ModelerController.deployList(java.util.Map<java.lang.String, java.lang.Object>,javax.servlet.http.HttpServletRequest)
2019-09-06 10:10:48.475 INFO  org.springframework.web.servlet.mvc.method.annotation.RequestMappingHandlerMapping Line:543 - Mapped "{[/models/deleteDeploy]}" onto public com.itstyle.bpmn.common.entity.Result com.itstyle.bpmn.web.ModelerController.deleteDeploy(java.lang.String,javax.servlet.http.HttpServletRequest)
2019-09-06 10:10:48.480 INFO  org.springframework.web.servlet.mvc.method.annotation.RequestMappingHandlerMapping Line:543 - Mapped "{[/user/remove]}" onto public com.itstyle.bpmn.common.entity.Result com.itstyle.bpmn.web.UserController.remove(java.lang.Integer,javax.servlet.http.HttpServletRequest)
2019-09-06 10:10:48.481 INFO  org.springframework.web.servlet.mvc.method.annotation.RequestMappingHandlerMapping Line:543 - Mapped "{[/user/get]}" onto public com.itstyle.bpmn.common.entity.Result com.itstyle.bpmn.web.UserController.get(java.lang.Integer,javax.servlet.http.HttpServletRequest)
2019-09-06 10:10:48.481 INFO  org.springframework.web.servlet.mvc.method.annotation.RequestMappingHandlerMapping Line:543 - Mapped "{[/user/list]}" onto public com.itstyle.bpmn.common.entity.Result com.itstyle.bpmn.web.UserController.list(java.util.Map<java.lang.String, java.lang.Object>,javax.servlet.http.HttpServletRequest)
2019-09-06 10:10:48.482 INFO  org.springframework.web.servlet.mvc.method.annotation.RequestMappingHandlerMapping Line:543 - Mapped "{[/user/save]}" onto public com.itstyle.bpmn.common.entity.Result com.itstyle.bpmn.web.UserController.save(com.itstyle.bpmn.entity.SysUser,javax.servlet.http.HttpServletRequest)
2019-09-06 10:10:48.482 INFO  org.springframework.web.servlet.mvc.method.annotation.RequestMappingHandlerMapping Line:543 - Mapped "{[/user/reset]}" onto public com.itstyle.bpmn.common.entity.Result com.itstyle.bpmn.web.UserController.reset(com.itstyle.bpmn.entity.SysUser,javax.servlet.http.HttpServletRequest)
2019-09-06 10:10:48.483 INFO  org.springframework.web.servlet.mvc.method.annotation.RequestMappingHandlerMapping Line:543 - Mapped "{[/user/edit]}" onto public com.itstyle.bpmn.common.entity.Result com.itstyle.bpmn.web.UserController.edit(com.itstyle.bpmn.entity.SysUser,javax.servlet.http.HttpServletRequest)
2019-09-06 10:10:48.485 INFO  org.springframework.web.servlet.mvc.method.annotation.RequestMappingHandlerMapping Line:543 - Mapped "{[/error]}" onto public org.springframework.http.ResponseEntity<java.util.Map<java.lang.String, java.lang.Object>> org.springframework.boot.autoconfigure.web.BasicErrorController.error(javax.servlet.http.HttpServletRequest)
2019-09-06 10:10:48.486 INFO  org.springframework.web.servlet.mvc.method.annotation.RequestMappingHandlerMapping Line:543 - Mapped "{[/error],produces=[text/html]}" onto public org.springframework.web.servlet.ModelAndView org.springframework.boot.autoconfigure.web.BasicErrorController.errorHtml(javax.servlet.http.HttpServletRequest,javax.servlet.http.HttpServletResponse)
2019-09-06 10:10:48.513 INFO  org.springframework.web.servlet.handler.SimpleUrlHandlerMapping Line:349 - Root mapping to handler of type [class org.springframework.web.servlet.mvc.ParameterizableViewController]
2019-09-06 10:10:48.534 INFO  org.springframework.web.servlet.handler.SimpleUrlHandlerMapping Line:362 - Mapped URL path [/webjars/**] onto handler of type [class org.springframework.web.servlet.resource.ResourceHttpRequestHandler]
2019-09-06 10:10:48.534 INFO  org.springframework.web.servlet.handler.SimpleUrlHandlerMapping Line:362 - Mapped URL path [/**] onto handler of type [class org.springframework.web.servlet.resource.ResourceHttpRequestHandler]
2019-09-06 10:10:48.572 INFO  org.springframework.web.servlet.mvc.method.annotation.ExceptionHandlerExceptionResolver Line:273 - Detected @ExceptionHandler methods in RRExceptionHandler
2019-09-06 10:10:48.635 INFO  org.springframework.web.servlet.handler.SimpleUrlHandlerMapping Line:362 - Mapped URL path [/**/favicon.ico] onto handler of type [class org.springframework.web.servlet.resource.ResourceHttpRequestHandler]
2019-09-06 10:10:49.244 INFO  org.springframework.jmx.export.annotation.AnnotationMBeanExporter Line:431 - Registering beans for JMX exposure on startup
2019-09-06 10:10:49.378 INFO  org.springframework.boot.context.embedded.undertow.UndertowEmbeddedServletContainer Line:160 - Undertow started on port(s) 8080 (http)
2019-09-06 10:10:49.384 INFO  com.itstyle.bpmn.Application Line:57  - Started Application in 10.065 seconds (JVM running for 11.59)
2019-09-06 10:10:49.385 INFO  com.itstyle.bpmn.Application Line:38  - 工作流作图服务 
2019-09-06 10:10:56.895 INFO  io.undertow.servlet Line:360 - Initializing Spring FrameworkServlet 'dispatcherServlet'
2019-09-06 10:10:56.902 INFO  org.springframework.web.servlet.DispatcherServlet Line:489 - FrameworkServlet 'dispatcherServlet': initialization started
2019-09-06 10:10:56.929 INFO  org.springframework.web.servlet.DispatcherServlet Line:508 - FrameworkServlet 'dispatcherServlet': initialization completed in 27 ms
2019-09-06 10:13:22.499 INFO  com.itstyle.bpmn.Application Line:48  - Starting Application on YYW-0506 with PID 6884 (E:\workspaceIDEA\spring-boot-bpmn\target\classes started by zhaoqinli in E:\workspaceIDEA\spring-boot-bpmn)
2019-09-06 10:13:22.506 INFO  com.itstyle.bpmn.Application Line:593 - No active profile set, falling back to default profiles: default
2019-09-06 10:13:22.953 INFO  org.springframework.boot.context.embedded.AnnotationConfigEmbeddedWebApplicationContext Line:583 - Refreshing org.springframework.boot.context.embedded.AnnotationConfigEmbeddedWebApplicationContext@eda25e5: startup date [Fri Sep 06 10:13:22 CST 2019]; root of context hierarchy
2019-09-06 10:13:24.106 INFO  org.springframework.beans.factory.support.DefaultListableBeanFactory Line:828 - Overriding bean definition for bean 'dataSource' with a different definition: replacing [Root bean: class [null]; scope=; abstract=false; lazyInit=false; autowireMode=3; dependencyCheck=0; autowireCandidate=true; primary=false; factoryBeanName=org.springframework.boot.autoconfigure.jdbc.DataSourceConfiguration$Dbcp; factoryMethodName=dataSource; initMethodName=null; destroyMethodName=(inferred); defined in class path resource [org/springframework/boot/autoconfigure/jdbc/DataSourceConfiguration$Dbcp.class]] with [Root bean: class [null]; scope=; abstract=false; lazyInit=false; autowireMode=3; dependencyCheck=0; autowireCandidate=true; primary=false; factoryBeanName=org.springframework.boot.autoconfigure.jdbc.DataSourceConfiguration$Tomcat; factoryMethodName=dataSource; initMethodName=null; destroyMethodName=(inferred); defined in class path resource [org/springframework/boot/autoconfigure/jdbc/DataSourceConfiguration$Tomcat.class]]
2019-09-06 10:13:24.979 INFO  org.springframework.context.support.PostProcessorRegistrationDelegate$BeanPostProcessorChecker Line:327 - Bean 'org.springframework.transaction.annotation.ProxyTransactionManagementConfiguration' of type [org.springframework.transaction.annotation.ProxyTransactionManagementConfiguration$$EnhancerBySpringCGLIB$$731c0a69] is not eligible for getting processed by all BeanPostProcessors (for example: not eligible for auto-proxying)
2019-09-06 10:13:25.403 INFO  org.xnio Line:104 - XNIO version 3.3.8.Final
2019-09-06 10:13:25.425 INFO  org.xnio.nio Line:55  - XNIO NIO Implementation Version 3.3.8.Final
2019-09-06 10:13:25.498 INFO  io.undertow.servlet Line:360 - Initializing Spring embedded WebApplicationContext
2019-09-06 10:13:25.499 INFO  org.springframework.web.context.ContextLoader Line:276 - Root WebApplicationContext: initialization completed in 2546 ms
2019-09-06 10:13:25.777 INFO  org.springframework.boot.web.servlet.ServletRegistrationBean Line:190 - Mapping servlet: 'dispatcherServlet' to [/]
2019-09-06 10:13:25.786 INFO  org.springframework.boot.web.servlet.FilterRegistrationBean Line:258 - Mapping filter: 'characterEncodingFilter' to: [/*]
2019-09-06 10:13:25.789 INFO  org.springframework.boot.web.servlet.FilterRegistrationBean Line:258 - Mapping filter: 'hiddenHttpMethodFilter' to: [/*]
2019-09-06 10:13:25.789 INFO  org.springframework.boot.web.servlet.FilterRegistrationBean Line:258 - Mapping filter: 'httpPutFormContentFilter' to: [/*]
2019-09-06 10:13:25.790 INFO  org.springframework.boot.web.servlet.FilterRegistrationBean Line:258 - Mapping filter: 'requestContextFilter' to: [/*]
2019-09-06 10:13:26.260 INFO  org.springframework.orm.jpa.LocalContainerEntityManagerFactoryBean Line:356 - Building JPA container EntityManagerFactory for persistence unit 'default'
2019-09-06 10:13:26.275 INFO  org.hibernate.jpa.internal.util.LogHelper Line:31  - HHH000204: Processing PersistenceUnitInfo [
	name: default
	...]
2019-09-06 10:13:26.357 INFO  org.hibernate.Version Line:37  - HHH000412: Hibernate Core {5.0.12.Final}
2019-09-06 10:13:26.359 INFO  org.hibernate.cfg.Environment Line:213 - HHH000206: hibernate.properties not found
2019-09-06 10:13:26.361 INFO  org.hibernate.cfg.Environment Line:317 - HHH000021: Bytecode provider name : javassist
2019-09-06 10:13:26.421 INFO  org.hibernate.annotations.common.Version Line:66  - HCANN000001: Hibernate Commons Annotations {5.0.1.Final}
2019-09-06 10:13:27.173 INFO  org.hibernate.dialect.Dialect Line:156 - HHH000400: Using dialect: org.hibernate.dialect.MySQL5Dialect
2019-09-06 10:13:27.859 INFO  org.hibernate.tool.hbm2ddl.SchemaUpdate Line:105 - HHH000228: Running hbm2ddl schema update
2019-09-06 10:13:28.357 INFO  org.springframework.orm.jpa.LocalContainerEntityManagerFactoryBean Line:392 - Initialized JPA EntityManagerFactory for persistence unit 'default'
2019-09-06 10:13:30.225 INFO  org.activiti.engine.impl.ProcessEngineImpl Line:85  - ProcessEngine default created
2019-09-06 10:13:30.924 INFO  org.springframework.web.servlet.mvc.method.annotation.RequestMappingHandlerAdapter Line:534 - Looking for @ControllerAdvice: org.springframework.boot.context.embedded.AnnotationConfigEmbeddedWebApplicationContext@eda25e5: startup date [Fri Sep 06 10:13:22 CST 2019]; root of context hierarchy
2019-09-06 10:13:31.032 INFO  org.springframework.web.servlet.mvc.method.annotation.RequestMappingHandlerMapping Line:543 - Mapped "{[/{module}/{sub}/{url}.shtml]}" onto public java.lang.String com.itstyle.bpmn.common.config.IndexController.page(java.lang.String,java.lang.String,java.lang.String)
2019-09-06 10:13:31.034 INFO  org.springframework.web.servlet.mvc.method.annotation.RequestMappingHandlerMapping Line:543 - Mapped "{[/{module}/{url}.shtml]}" onto public java.lang.String com.itstyle.bpmn.common.config.IndexController.page(java.lang.String,java.lang.String)
2019-09-06 10:13:31.034 INFO  org.springframework.web.servlet.mvc.method.annotation.RequestMappingHandlerMapping Line:543 - Mapped "{[/{url}.shtml]}" onto public java.lang.String com.itstyle.bpmn.common.config.IndexController.page(java.lang.String)
2019-09-06 10:13:31.036 INFO  org.springframework.web.servlet.mvc.method.annotation.RequestMappingHandlerMapping Line:543 - Mapped "{[/bpmn/remove]}" onto public com.itstyle.bpmn.common.entity.Result com.itstyle.bpmn.web.BpmnController.remove(java.lang.Integer,javax.servlet.http.HttpServletRequest)
2019-09-06 10:13:31.037 INFO  org.springframework.web.servlet.mvc.method.annotation.RequestMappingHandlerMapping Line:543 - Mapped "{[/bpmn/get]}" onto public com.itstyle.bpmn.common.entity.Result com.itstyle.bpmn.web.BpmnController.get(java.lang.Integer,javax.servlet.http.HttpServletRequest)
2019-09-06 10:13:31.038 INFO  org.springframework.web.servlet.mvc.method.annotation.RequestMappingHandlerMapping Line:543 - Mapped "{[/bpmn/list]}" onto public com.itstyle.bpmn.common.entity.Result com.itstyle.bpmn.web.BpmnController.list(java.util.Map<java.lang.String, java.lang.Object>,javax.servlet.http.HttpServletRequest)
2019-09-06 10:13:31.039 INFO  org.springframework.web.servlet.mvc.method.annotation.RequestMappingHandlerMapping Line:543 - Mapped "{[/bpmn/save]}" onto public com.itstyle.bpmn.common.entity.Result com.itstyle.bpmn.web.BpmnController.save(com.itstyle.bpmn.entity.BpmnModel,javax.servlet.http.HttpServletRequest)
2019-09-06 10:13:31.040 INFO  org.springframework.web.servlet.mvc.method.annotation.RequestMappingHandlerMapping Line:543 - Mapped "{[/bpmn/cancel]}" onto public com.itstyle.bpmn.common.entity.Result com.itstyle.bpmn.web.BpmnController.cancel(java.lang.Integer,javax.servlet.http.HttpServletRequest)
2019-09-06 10:13:31.041 INFO  org.springframework.web.servlet.mvc.method.annotation.RequestMappingHandlerMapping Line:543 - Mapped "{[/bpmn/download]}" onto public void com.itstyle.bpmn.web.BpmnController.download(javax.servlet.http.HttpServletResponse,javax.servlet.http.HttpServletRequest)
2019-09-06 10:13:31.042 INFO  org.springframework.web.servlet.mvc.method.annotation.RequestMappingHandlerMapping Line:543 - Mapped "{[/elfinder/connector]}" onto public void com.itstyle.bpmn.web.ElfinderController.connector(javax.servlet.http.HttpServletRequest,javax.servlet.http.HttpServletResponse) throws java.io.IOException
2019-09-06 10:13:31.044 INFO  org.springframework.web.servlet.mvc.method.annotation.RequestMappingHandlerMapping Line:543 - Mapped "{[/getUser]}" onto public com.itstyle.bpmn.entity.SysUser com.itstyle.bpmn.web.LoginController.getUser(javax.servlet.http.HttpServletRequest)
2019-09-06 10:13:31.045 INFO  org.springframework.web.servlet.mvc.method.annotation.RequestMappingHandlerMapping Line:543 - Mapped "{[/logout]}" onto public void com.itstyle.bpmn.web.LoginController.logout(javax.servlet.http.HttpServletRequest,javax.servlet.http.HttpServletResponse) throws java.io.IOException
2019-09-06 10:13:31.045 INFO  org.springframework.web.servlet.mvc.method.annotation.RequestMappingHandlerMapping Line:543 - Mapped "{[/login],methods=[POST]}" onto public com.itstyle.bpmn.common.entity.Result com.itstyle.bpmn.web.LoginController.login(java.lang.String,java.lang.String,javax.servlet.http.HttpServletRequest)
2019-09-06 10:13:31.048 INFO  org.springframework.web.servlet.mvc.method.annotation.RequestMappingHandlerMapping Line:543 - Mapped "{[/models/deploy]}" onto public com.itstyle.bpmn.common.entity.Result com.itstyle.bpmn.web.ModelerController.deploy(java.lang.Integer,javax.servlet.http.HttpServletRequest) throws java.lang.Exception
2019-09-06 10:13:31.049 INFO  org.springframework.web.servlet.mvc.method.annotation.RequestMappingHandlerMapping Line:543 - Mapped "{[/models/deployList]}" onto public com.itstyle.bpmn.common.entity.Result com.itstyle.bpmn.web.ModelerController.deployList(java.util.Map<java.lang.String, java.lang.Object>,javax.servlet.http.HttpServletRequest)
2019-09-06 10:13:31.050 INFO  org.springframework.web.servlet.mvc.method.annotation.RequestMappingHandlerMapping Line:543 - Mapped "{[/models/deleteDeploy]}" onto public com.itstyle.bpmn.common.entity.Result com.itstyle.bpmn.web.ModelerController.deleteDeploy(java.lang.String,javax.servlet.http.HttpServletRequest)
2019-09-06 10:13:31.054 INFO  org.springframework.web.servlet.mvc.method.annotation.RequestMappingHandlerMapping Line:543 - Mapped "{[/user/remove]}" onto public com.itstyle.bpmn.common.entity.Result com.itstyle.bpmn.web.UserController.remove(java.lang.Integer,javax.servlet.http.HttpServletRequest)
2019-09-06 10:13:31.054 INFO  org.springframework.web.servlet.mvc.method.annotation.RequestMappingHandlerMapping Line:543 - Mapped "{[/user/get]}" onto public com.itstyle.bpmn.common.entity.Result com.itstyle.bpmn.web.UserController.get(java.lang.Integer,javax.servlet.http.HttpServletRequest)
2019-09-06 10:13:31.055 INFO  org.springframework.web.servlet.mvc.method.annotation.RequestMappingHandlerMapping Line:543 - Mapped "{[/user/list]}" onto public com.itstyle.bpmn.common.entity.Result com.itstyle.bpmn.web.UserController.list(java.util.Map<java.lang.String, java.lang.Object>,javax.servlet.http.HttpServletRequest)
2019-09-06 10:13:31.056 INFO  org.springframework.web.servlet.mvc.method.annotation.RequestMappingHandlerMapping Line:543 - Mapped "{[/user/save]}" onto public com.itstyle.bpmn.common.entity.Result com.itstyle.bpmn.web.UserController.save(com.itstyle.bpmn.entity.SysUser,javax.servlet.http.HttpServletRequest)
2019-09-06 10:13:31.056 INFO  org.springframework.web.servlet.mvc.method.annotation.RequestMappingHandlerMapping Line:543 - Mapped "{[/user/reset]}" onto public com.itstyle.bpmn.common.entity.Result com.itstyle.bpmn.web.UserController.reset(com.itstyle.bpmn.entity.SysUser,javax.servlet.http.HttpServletRequest)
2019-09-06 10:13:31.057 INFO  org.springframework.web.servlet.mvc.method.annotation.RequestMappingHandlerMapping Line:543 - Mapped "{[/user/edit]}" onto public com.itstyle.bpmn.common.entity.Result com.itstyle.bpmn.web.UserController.edit(com.itstyle.bpmn.entity.SysUser,javax.servlet.http.HttpServletRequest)
2019-09-06 10:13:31.059 INFO  org.springframework.web.servlet.mvc.method.annotation.RequestMappingHandlerMapping Line:543 - Mapped "{[/error]}" onto public org.springframework.http.ResponseEntity<java.util.Map<java.lang.String, java.lang.Object>> org.springframework.boot.autoconfigure.web.BasicErrorController.error(javax.servlet.http.HttpServletRequest)
2019-09-06 10:13:31.060 INFO  org.springframework.web.servlet.mvc.method.annotation.RequestMappingHandlerMapping Line:543 - Mapped "{[/error],produces=[text/html]}" onto public org.springframework.web.servlet.ModelAndView org.springframework.boot.autoconfigure.web.BasicErrorController.errorHtml(javax.servlet.http.HttpServletRequest,javax.servlet.http.HttpServletResponse)
2019-09-06 10:13:31.086 INFO  org.springframework.web.servlet.handler.SimpleUrlHandlerMapping Line:349 - Root mapping to handler of type [class org.springframework.web.servlet.mvc.ParameterizableViewController]
2019-09-06 10:13:31.106 INFO  org.springframework.web.servlet.handler.SimpleUrlHandlerMapping Line:362 - Mapped URL path [/webjars/**] onto handler of type [class org.springframework.web.servlet.resource.ResourceHttpRequestHandler]
2019-09-06 10:13:31.107 INFO  org.springframework.web.servlet.handler.SimpleUrlHandlerMapping Line:362 - Mapped URL path [/**] onto handler of type [class org.springframework.web.servlet.resource.ResourceHttpRequestHandler]
2019-09-06 10:13:31.138 INFO  org.springframework.web.servlet.mvc.method.annotation.ExceptionHandlerExceptionResolver Line:273 - Detected @ExceptionHandler methods in RRExceptionHandler
2019-09-06 10:13:31.185 INFO  org.springframework.web.servlet.handler.SimpleUrlHandlerMapping Line:362 - Mapped URL path [/**/favicon.ico] onto handler of type [class org.springframework.web.servlet.resource.ResourceHttpRequestHandler]
2019-09-06 10:13:31.778 INFO  org.springframework.jmx.export.annotation.AnnotationMBeanExporter Line:431 - Registering beans for JMX exposure on startup
2019-09-06 10:13:31.854 INFO  org.springframework.boot.context.embedded.undertow.UndertowEmbeddedServletContainer Line:160 - Undertow started on port(s) 8080 (http)
2019-09-06 10:13:31.859 INFO  com.itstyle.bpmn.Application Line:57  - Started Application in 10.46 seconds (JVM running for 11.94)
2019-09-06 10:13:31.860 INFO  com.itstyle.bpmn.Application Line:38  - 工作流作图服务 
2019-09-06 10:13:41.792 INFO  io.undertow.servlet Line:360 - Initializing Spring FrameworkServlet 'dispatcherServlet'
2019-09-06 10:13:41.793 INFO  org.springframework.web.servlet.DispatcherServlet Line:489 - FrameworkServlet 'dispatcherServlet': initialization started
2019-09-06 10:13:41.827 INFO  org.springframework.web.servlet.DispatcherServlet Line:508 - FrameworkServlet 'dispatcherServlet': initialization completed in 33 ms
2019-09-06 10:20:46.794 INFO  com.itstyle.bpmn.Application Line:48  - Starting Application on YYW-0506 with PID 9940 (E:\workspaceIDEA\spring-boot-bpmn\target\classes started by zhaoqinli in E:\workspaceIDEA\spring-boot-bpmn)
2019-09-06 10:20:46.818 INFO  com.itstyle.bpmn.Application Line:593 - No active profile set, falling back to default profiles: default
2019-09-06 10:20:47.288 INFO  org.springframework.boot.context.embedded.AnnotationConfigEmbeddedWebApplicationContext Line:583 - Refreshing org.springframework.boot.context.embedded.AnnotationConfigEmbeddedWebApplicationContext@7cf6a5f9: startup date [Fri Sep 06 10:20:47 CST 2019]; root of context hierarchy
2019-09-06 10:20:48.684 INFO  org.springframework.beans.factory.support.DefaultListableBeanFactory Line:828 - Overriding bean definition for bean 'dataSource' with a different definition: replacing [Root bean: class [null]; scope=; abstract=false; lazyInit=false; autowireMode=3; dependencyCheck=0; autowireCandidate=true; primary=false; factoryBeanName=org.springframework.boot.autoconfigure.jdbc.DataSourceConfiguration$Dbcp; factoryMethodName=dataSource; initMethodName=null; destroyMethodName=(inferred); defined in class path resource [org/springframework/boot/autoconfigure/jdbc/DataSourceConfiguration$Dbcp.class]] with [Root bean: class [null]; scope=; abstract=false; lazyInit=false; autowireMode=3; dependencyCheck=0; autowireCandidate=true; primary=false; factoryBeanName=org.springframework.boot.autoconfigure.jdbc.DataSourceConfiguration$Tomcat; factoryMethodName=dataSource; initMethodName=null; destroyMethodName=(inferred); defined in class path resource [org/springframework/boot/autoconfigure/jdbc/DataSourceConfiguration$Tomcat.class]]
2019-09-06 10:20:49.638 INFO  org.springframework.context.support.PostProcessorRegistrationDelegate$BeanPostProcessorChecker Line:327 - Bean 'org.springframework.transaction.annotation.ProxyTransactionManagementConfiguration' of type [org.springframework.transaction.annotation.ProxyTransactionManagementConfiguration$$EnhancerBySpringCGLIB$$389cdac] is not eligible for getting processed by all BeanPostProcessors (for example: not eligible for auto-proxying)
2019-09-06 10:20:50.079 INFO  org.xnio Line:104 - XNIO version 3.3.8.Final
2019-09-06 10:20:50.116 INFO  org.xnio.nio Line:55  - XNIO NIO Implementation Version 3.3.8.Final
2019-09-06 10:20:50.220 INFO  io.undertow.servlet Line:360 - Initializing Spring embedded WebApplicationContext
2019-09-06 10:20:50.221 INFO  org.springframework.web.context.ContextLoader Line:276 - Root WebApplicationContext: initialization completed in 2933 ms
2019-09-06 10:20:50.692 INFO  org.springframework.boot.web.servlet.ServletRegistrationBean Line:190 - Mapping servlet: 'dispatcherServlet' to [/]
2019-09-06 10:20:50.701 INFO  org.springframework.boot.web.servlet.FilterRegistrationBean Line:258 - Mapping filter: 'characterEncodingFilter' to: [/*]
2019-09-06 10:20:50.705 INFO  org.springframework.boot.web.servlet.FilterRegistrationBean Line:258 - Mapping filter: 'hiddenHttpMethodFilter' to: [/*]
2019-09-06 10:20:50.707 INFO  org.springframework.boot.web.servlet.FilterRegistrationBean Line:258 - Mapping filter: 'httpPutFormContentFilter' to: [/*]
2019-09-06 10:20:50.708 INFO  org.springframework.boot.web.servlet.FilterRegistrationBean Line:258 - Mapping filter: 'requestContextFilter' to: [/*]
2019-09-06 10:20:51.378 INFO  org.springframework.orm.jpa.LocalContainerEntityManagerFactoryBean Line:356 - Building JPA container EntityManagerFactory for persistence unit 'default'
2019-09-06 10:20:51.397 INFO  org.hibernate.jpa.internal.util.LogHelper Line:31  - HHH000204: Processing PersistenceUnitInfo [
	name: default
	...]
2019-09-06 10:20:51.505 INFO  org.hibernate.Version Line:37  - HHH000412: Hibernate Core {5.0.12.Final}
2019-09-06 10:20:51.507 INFO  org.hibernate.cfg.Environment Line:213 - HHH000206: hibernate.properties not found
2019-09-06 10:20:51.509 INFO  org.hibernate.cfg.Environment Line:317 - HHH000021: Bytecode provider name : javassist
2019-09-06 10:20:51.579 INFO  org.hibernate.annotations.common.Version Line:66  - HCANN000001: Hibernate Commons Annotations {5.0.1.Final}
2019-09-06 10:20:52.355 INFO  org.hibernate.dialect.Dialect Line:156 - HHH000400: Using dialect: org.hibernate.dialect.MySQL5Dialect
2019-09-06 10:20:53.130 INFO  org.hibernate.tool.hbm2ddl.SchemaUpdate Line:105 - HHH000228: Running hbm2ddl schema update
2019-09-06 10:20:53.715 INFO  org.springframework.orm.jpa.LocalContainerEntityManagerFactoryBean Line:392 - Initialized JPA EntityManagerFactory for persistence unit 'default'
2019-09-06 10:20:56.063 INFO  org.activiti.engine.impl.ProcessEngineImpl Line:85  - ProcessEngine default created
2019-09-06 10:20:56.989 INFO  org.springframework.web.servlet.mvc.method.annotation.RequestMappingHandlerAdapter Line:534 - Looking for @ControllerAdvice: org.springframework.boot.context.embedded.AnnotationConfigEmbeddedWebApplicationContext@7cf6a5f9: startup date [Fri Sep 06 10:20:47 CST 2019]; root of context hierarchy
2019-09-06 10:20:57.091 INFO  org.springframework.web.servlet.mvc.method.annotation.RequestMappingHandlerMapping Line:543 - Mapped "{[/{module}/{sub}/{url}.shtml]}" onto public java.lang.String com.itstyle.bpmn.common.config.IndexController.page(java.lang.String,java.lang.String,java.lang.String)
2019-09-06 10:20:57.093 INFO  org.springframework.web.servlet.mvc.method.annotation.RequestMappingHandlerMapping Line:543 - Mapped "{[/{module}/{url}.shtml]}" onto public java.lang.String com.itstyle.bpmn.common.config.IndexController.page(java.lang.String,java.lang.String)
2019-09-06 10:20:57.094 INFO  org.springframework.web.servlet.mvc.method.annotation.RequestMappingHandlerMapping Line:543 - Mapped "{[/{url}.shtml]}" onto public java.lang.String com.itstyle.bpmn.common.config.IndexController.page(java.lang.String)
2019-09-06 10:20:57.096 INFO  org.springframework.web.servlet.mvc.method.annotation.RequestMappingHandlerMapping Line:543 - Mapped "{[/bpmn/remove]}" onto public com.itstyle.bpmn.common.entity.Result com.itstyle.bpmn.web.BpmnController.remove(java.lang.Integer,javax.servlet.http.HttpServletRequest)
2019-09-06 10:20:57.097 INFO  org.springframework.web.servlet.mvc.method.annotation.RequestMappingHandlerMapping Line:543 - Mapped "{[/bpmn/get]}" onto public com.itstyle.bpmn.common.entity.Result com.itstyle.bpmn.web.BpmnController.get(java.lang.Integer,javax.servlet.http.HttpServletRequest)
2019-09-06 10:20:57.098 INFO  org.springframework.web.servlet.mvc.method.annotation.RequestMappingHandlerMapping Line:543 - Mapped "{[/bpmn/list]}" onto public com.itstyle.bpmn.common.entity.Result com.itstyle.bpmn.web.BpmnController.list(java.util.Map<java.lang.String, java.lang.Object>,javax.servlet.http.HttpServletRequest)
2019-09-06 10:20:57.099 INFO  org.springframework.web.servlet.mvc.method.annotation.RequestMappingHandlerMapping Line:543 - Mapped "{[/bpmn/save]}" onto public com.itstyle.bpmn.common.entity.Result com.itstyle.bpmn.web.BpmnController.save(com.itstyle.bpmn.entity.BpmnModel,javax.servlet.http.HttpServletRequest)
2019-09-06 10:20:57.100 INFO  org.springframework.web.servlet.mvc.method.annotation.RequestMappingHandlerMapping Line:543 - Mapped "{[/bpmn/cancel]}" onto public com.itstyle.bpmn.common.entity.Result com.itstyle.bpmn.web.BpmnController.cancel(java.lang.Integer,javax.servlet.http.HttpServletRequest)
2019-09-06 10:20:57.101 INFO  org.springframework.web.servlet.mvc.method.annotation.RequestMappingHandlerMapping Line:543 - Mapped "{[/bpmn/download]}" onto public void com.itstyle.bpmn.web.BpmnController.download(javax.servlet.http.HttpServletResponse,javax.servlet.http.HttpServletRequest)
2019-09-06 10:20:57.102 INFO  org.springframework.web.servlet.mvc.method.annotation.RequestMappingHandlerMapping Line:543 - Mapped "{[/elfinder/connector]}" onto public void com.itstyle.bpmn.web.ElfinderController.connector(javax.servlet.http.HttpServletRequest,javax.servlet.http.HttpServletResponse) throws java.io.IOException
2019-09-06 10:20:57.104 INFO  org.springframework.web.servlet.mvc.method.annotation.RequestMappingHandlerMapping Line:543 - Mapped "{[/getUser]}" onto public com.itstyle.bpmn.entity.SysUser com.itstyle.bpmn.web.LoginController.getUser(javax.servlet.http.HttpServletRequest)
2019-09-06 10:20:57.104 INFO  org.springframework.web.servlet.mvc.method.annotation.RequestMappingHandlerMapping Line:543 - Mapped "{[/logout]}" onto public void com.itstyle.bpmn.web.LoginController.logout(javax.servlet.http.HttpServletRequest,javax.servlet.http.HttpServletResponse) throws java.io.IOException
2019-09-06 10:20:57.105 INFO  org.springframework.web.servlet.mvc.method.annotation.RequestMappingHandlerMapping Line:543 - Mapped "{[/login],methods=[POST]}" onto public com.itstyle.bpmn.common.entity.Result com.itstyle.bpmn.web.LoginController.login(java.lang.String,java.lang.String,javax.servlet.http.HttpServletRequest)
2019-09-06 10:20:57.110 INFO  org.springframework.web.servlet.mvc.method.annotation.RequestMappingHandlerMapping Line:543 - Mapped "{[/models/deploy]}" onto public com.itstyle.bpmn.common.entity.Result com.itstyle.bpmn.web.ModelerController.deploy(java.lang.Integer,javax.servlet.http.HttpServletRequest) throws java.lang.Exception
2019-09-06 10:20:57.111 INFO  org.springframework.web.servlet.mvc.method.annotation.RequestMappingHandlerMapping Line:543 - Mapped "{[/models/deployList]}" onto public com.itstyle.bpmn.common.entity.Result com.itstyle.bpmn.web.ModelerController.deployList(java.util.Map<java.lang.String, java.lang.Object>,javax.servlet.http.HttpServletRequest)
2019-09-06 10:20:57.112 INFO  org.springframework.web.servlet.mvc.method.annotation.RequestMappingHandlerMapping Line:543 - Mapped "{[/models/deleteDeploy]}" onto public com.itstyle.bpmn.common.entity.Result com.itstyle.bpmn.web.ModelerController.deleteDeploy(java.lang.String,javax.servlet.http.HttpServletRequest)
2019-09-06 10:20:57.116 INFO  org.springframework.web.servlet.mvc.method.annotation.RequestMappingHandlerMapping Line:543 - Mapped "{[/user/remove]}" onto public com.itstyle.bpmn.common.entity.Result com.itstyle.bpmn.web.UserController.remove(java.lang.Integer,javax.servlet.http.HttpServletRequest)
2019-09-06 10:20:57.116 INFO  org.springframework.web.servlet.mvc.method.annotation.RequestMappingHandlerMapping Line:543 - Mapped "{[/user/get]}" onto public com.itstyle.bpmn.common.entity.Result com.itstyle.bpmn.web.UserController.get(java.lang.Integer,javax.servlet.http.HttpServletRequest)
2019-09-06 10:20:57.117 INFO  org.springframework.web.servlet.mvc.method.annotation.RequestMappingHandlerMapping Line:543 - Mapped "{[/user/list]}" onto public com.itstyle.bpmn.common.entity.Result com.itstyle.bpmn.web.UserController.list(java.util.Map<java.lang.String, java.lang.Object>,javax.servlet.http.HttpServletRequest)
2019-09-06 10:20:57.118 INFO  org.springframework.web.servlet.mvc.method.annotation.RequestMappingHandlerMapping Line:543 - Mapped "{[/user/save]}" onto public com.itstyle.bpmn.common.entity.Result com.itstyle.bpmn.web.UserController.save(com.itstyle.bpmn.entity.SysUser,javax.servlet.http.HttpServletRequest)
2019-09-06 10:20:57.118 INFO  org.springframework.web.servlet.mvc.method.annotation.RequestMappingHandlerMapping Line:543 - Mapped "{[/user/reset]}" onto public com.itstyle.bpmn.common.entity.Result com.itstyle.bpmn.web.UserController.reset(com.itstyle.bpmn.entity.SysUser,javax.servlet.http.HttpServletRequest)
2019-09-06 10:20:57.119 INFO  org.springframework.web.servlet.mvc.method.annotation.RequestMappingHandlerMapping Line:543 - Mapped "{[/user/edit]}" onto public com.itstyle.bpmn.common.entity.Result com.itstyle.bpmn.web.UserController.edit(com.itstyle.bpmn.entity.SysUser,javax.servlet.http.HttpServletRequest)
2019-09-06 10:20:57.121 INFO  org.springframework.web.servlet.mvc.method.annotation.RequestMappingHandlerMapping Line:543 - Mapped "{[/error]}" onto public org.springframework.http.ResponseEntity<java.util.Map<java.lang.String, java.lang.Object>> org.springframework.boot.autoconfigure.web.BasicErrorController.error(javax.servlet.http.HttpServletRequest)
2019-09-06 10:20:57.123 INFO  org.springframework.web.servlet.mvc.method.annotation.RequestMappingHandlerMapping Line:543 - Mapped "{[/error],produces=[text/html]}" onto public org.springframework.web.servlet.ModelAndView org.springframework.boot.autoconfigure.web.BasicErrorController.errorHtml(javax.servlet.http.HttpServletRequest,javax.servlet.http.HttpServletResponse)
2019-09-06 10:20:57.154 INFO  org.springframework.web.servlet.handler.SimpleUrlHandlerMapping Line:349 - Root mapping to handler of type [class org.springframework.web.servlet.mvc.ParameterizableViewController]
2019-09-06 10:20:57.176 INFO  org.springframework.web.servlet.handler.SimpleUrlHandlerMapping Line:362 - Mapped URL path [/webjars/**] onto handler of type [class org.springframework.web.servlet.resource.ResourceHttpRequestHandler]
2019-09-06 10:20:57.177 INFO  org.springframework.web.servlet.handler.SimpleUrlHandlerMapping Line:362 - Mapped URL path [/**] onto handler of type [class org.springframework.web.servlet.resource.ResourceHttpRequestHandler]
2019-09-06 10:20:57.212 INFO  org.springframework.web.servlet.mvc.method.annotation.ExceptionHandlerExceptionResolver Line:273 - Detected @ExceptionHandler methods in RRExceptionHandler
2019-09-06 10:20:57.251 INFO  org.springframework.web.servlet.handler.SimpleUrlHandlerMapping Line:362 - Mapped URL path [/**/favicon.ico] onto handler of type [class org.springframework.web.servlet.resource.ResourceHttpRequestHandler]
2019-09-06 10:20:57.884 INFO  org.springframework.jmx.export.annotation.AnnotationMBeanExporter Line:431 - Registering beans for JMX exposure on startup
2019-09-06 10:20:57.991 INFO  org.springframework.boot.context.embedded.undertow.UndertowEmbeddedServletContainer Line:160 - Undertow started on port(s) 8080 (http)
2019-09-06 10:20:57.999 INFO  com.itstyle.bpmn.Application Line:57  - Started Application in 12.463 seconds (JVM running for 14.696)
2019-09-06 10:20:58.000 INFO  com.itstyle.bpmn.Application Line:38  - 工作流作图服务 
2019-09-06 10:20:59.457 INFO  io.undertow.servlet Line:360 - Initializing Spring FrameworkServlet 'dispatcherServlet'
2019-09-06 10:20:59.458 INFO  org.springframework.web.servlet.DispatcherServlet Line:489 - FrameworkServlet 'dispatcherServlet': initialization started
2019-09-06 10:20:59.516 INFO  org.springframework.web.servlet.DispatcherServlet Line:508 - FrameworkServlet 'dispatcherServlet': initialization completed in 53 ms
