2019-08-29 16:47:26.619 INFO  com.itstyle.bpmn.Application Line:48  - Starting Application on YYW-0506 with PID 11720 (E:\workspaceIDEA\spring-boot-bpmn\target\classes started by zhaoqinli in E:\workspaceIDEA\spring-boot-bpmn)
2019-08-29 16:47:26.624 INFO  com.itstyle.bpmn.Application Line:593 - No active profile set, falling back to default profiles: default
2019-08-29 16:47:26.943 INFO  org.springframework.boot.context.embedded.AnnotationConfigEmbeddedWebApplicationContext Line:583 - Refreshing org.springframework.boot.context.embedded.AnnotationConfigEmbeddedWebApplicationContext@6aa3a905: startup date [Thu Aug 29 16:47:26 CST 2019]; root of context hierarchy
2019-08-29 16:47:28.597 INFO  org.springframework.context.support.PostProcessorRegistrationDelegate$BeanPostProcessorChecker Line:327 - Bean 'org.springframework.transaction.annotation.ProxyTransactionManagementConfiguration' of type [org.springframework.transaction.annotation.ProxyTransactionManagementConfiguration$$EnhancerBySpringCGLIB$$d5f013ae] is not eligible for getting processed by all BeanPostProcessors (for example: not eligible for auto-proxying)
2019-08-29 16:47:28.987 INFO  org.xnio Line:104 - XNIO version 3.3.8.Final
2019-08-29 16:47:29.015 INFO  org.xnio.nio Line:55  - XNIO NIO Implementation Version 3.3.8.Final
2019-08-29 16:47:29.090 INFO  io.undertow.servlet Line:360 - Initializing Spring embedded WebApplicationContext
2019-08-29 16:47:29.090 INFO  org.springframework.web.context.ContextLoader Line:276 - Root WebApplicationContext: initialization completed in 2147 ms
2019-08-29 16:47:29.314 INFO  org.springframework.boot.web.servlet.ServletRegistrationBean Line:190 - Mapping servlet: 'dispatcherServlet' to [/]
2019-08-29 16:47:29.322 INFO  org.springframework.boot.web.servlet.FilterRegistrationBean Line:258 - Mapping filter: 'characterEncodingFilter' to: [/*]
2019-08-29 16:47:29.325 INFO  org.springframework.boot.web.servlet.FilterRegistrationBean Line:258 - Mapping filter: 'hiddenHttpMethodFilter' to: [/*]
2019-08-29 16:47:29.326 INFO  org.springframework.boot.web.servlet.FilterRegistrationBean Line:258 - Mapping filter: 'httpPutFormContentFilter' to: [/*]
2019-08-29 16:47:29.328 INFO  org.springframework.boot.web.servlet.FilterRegistrationBean Line:258 - Mapping filter: 'requestContextFilter' to: [/*]
2019-08-29 16:47:29.919 INFO  org.springframework.orm.jpa.LocalContainerEntityManagerFactoryBean Line:356 - Building JPA container EntityManagerFactory for persistence unit 'default'
2019-08-29 16:47:29.933 INFO  org.hibernate.jpa.internal.util.LogHelper Line:31  - HHH000204: Processing PersistenceUnitInfo [
	name: default
	...]
2019-08-29 16:47:30.081 INFO  org.hibernate.Version Line:37  - HHH000412: Hibernate Core {5.0.12.Final}
2019-08-29 16:47:30.085 INFO  org.hibernate.cfg.Environment Line:213 - HHH000206: hibernate.properties not found
2019-08-29 16:47:30.088 INFO  org.hibernate.cfg.Environment Line:317 - HHH000021: Bytecode provider name : javassist
2019-08-29 16:47:30.240 INFO  org.hibernate.annotations.common.Version Line:66  - HCANN000001: Hibernate Commons Annotations {5.0.1.Final}
2019-08-29 16:47:31.179 INFO  org.hibernate.dialect.Dialect Line:156 - HHH000400: Using dialect: org.hibernate.dialect.MySQL5Dialect
2019-08-29 16:47:31.217 INFO  org.hibernate.engine.jdbc.env.internal.LobCreatorBuilderImpl Line:63  - HHH000422: Disabling contextual LOB creation as connection was null
2019-08-29 16:47:32.351 INFO  org.hibernate.tool.hbm2ddl.SchemaUpdate Line:105 - HHH000228: Running hbm2ddl schema update
2019-08-29 16:47:32.453 INFO  org.springframework.boot.autoconfigure.logging.AutoConfigurationReportLoggingInitializer Line:101 - 

Error starting ApplicationContext. To display the auto-configuration report re-run your application with 'debug' enabled.
2019-08-29 16:48:09.143 INFO  com.itstyle.bpmn.Application Line:48  - Starting Application on YYW-0506 with PID 1688 (E:\workspaceIDEA\spring-boot-bpmn\target\classes started by zhaoqinli in E:\workspaceIDEA\spring-boot-bpmn)
2019-08-29 16:48:09.151 INFO  com.itstyle.bpmn.Application Line:593 - No active profile set, falling back to default profiles: default
2019-08-29 16:48:09.664 INFO  org.springframework.boot.context.embedded.AnnotationConfigEmbeddedWebApplicationContext Line:583 - Refreshing org.springframework.boot.context.embedded.AnnotationConfigEmbeddedWebApplicationContext@6aa3a905: startup date [Thu Aug 29 16:48:09 CST 2019]; root of context hierarchy
2019-08-29 16:48:11.902 INFO  org.springframework.context.support.PostProcessorRegistrationDelegate$BeanPostProcessorChecker Line:327 - Bean 'org.springframework.transaction.annotation.ProxyTransactionManagementConfiguration' of type [org.springframework.transaction.annotation.ProxyTransactionManagementConfiguration$$EnhancerBySpringCGLIB$$8f617efa] is not eligible for getting processed by all BeanPostProcessors (for example: not eligible for auto-proxying)
2019-08-29 16:48:12.480 INFO  org.xnio Line:104 - XNIO version 3.3.8.Final
2019-08-29 16:48:12.526 INFO  org.xnio.nio Line:55  - XNIO NIO Implementation Version 3.3.8.Final
2019-08-29 16:48:12.661 INFO  io.undertow.servlet Line:360 - Initializing Spring embedded WebApplicationContext
2019-08-29 16:48:12.663 INFO  org.springframework.web.context.ContextLoader Line:276 - Root WebApplicationContext: initialization completed in 2999 ms
2019-08-29 16:48:12.871 INFO  org.springframework.boot.web.servlet.ServletRegistrationBean Line:190 - Mapping servlet: 'dispatcherServlet' to [/]
2019-08-29 16:48:12.878 INFO  org.springframework.boot.web.servlet.FilterRegistrationBean Line:258 - Mapping filter: 'characterEncodingFilter' to: [/*]
2019-08-29 16:48:12.880 INFO  org.springframework.boot.web.servlet.FilterRegistrationBean Line:258 - Mapping filter: 'hiddenHttpMethodFilter' to: [/*]
2019-08-29 16:48:12.881 INFO  org.springframework.boot.web.servlet.FilterRegistrationBean Line:258 - Mapping filter: 'httpPutFormContentFilter' to: [/*]
2019-08-29 16:48:12.882 INFO  org.springframework.boot.web.servlet.FilterRegistrationBean Line:258 - Mapping filter: 'requestContextFilter' to: [/*]
2019-08-29 16:48:13.414 INFO  org.springframework.orm.jpa.LocalContainerEntityManagerFactoryBean Line:356 - Building JPA container EntityManagerFactory for persistence unit 'default'
2019-08-29 16:48:13.430 INFO  org.hibernate.jpa.internal.util.LogHelper Line:31  - HHH000204: Processing PersistenceUnitInfo [
	name: default
	...]
2019-08-29 16:48:13.527 INFO  org.hibernate.Version Line:37  - HHH000412: Hibernate Core {5.0.12.Final}
2019-08-29 16:48:13.531 INFO  org.hibernate.cfg.Environment Line:213 - HHH000206: hibernate.properties not found
2019-08-29 16:48:13.533 INFO  org.hibernate.cfg.Environment Line:317 - HHH000021: Bytecode provider name : javassist
2019-08-29 16:48:13.598 INFO  org.hibernate.annotations.common.Version Line:66  - HCANN000001: Hibernate Commons Annotations {5.0.1.Final}
2019-08-29 16:48:14.839 INFO  org.hibernate.dialect.Dialect Line:156 - HHH000400: Using dialect: org.hibernate.dialect.MySQL5Dialect
2019-08-29 16:48:15.777 INFO  org.hibernate.tool.hbm2ddl.SchemaUpdate Line:105 - HHH000228: Running hbm2ddl schema update
2019-08-29 16:48:15.797 INFO  org.hibernate.tool.schema.extract.internal.InformationExtractorJdbcDatabaseMetaDataImpl Line:365 - HHH000262: Table not found: bpmn_model
2019-08-29 16:48:15.799 INFO  org.hibernate.tool.schema.extract.internal.InformationExtractorJdbcDatabaseMetaDataImpl Line:365 - HHH000262: Table not found: bpmn_model
2019-08-29 16:48:16.574 INFO  org.hibernate.tool.schema.extract.internal.InformationExtractorJdbcDatabaseMetaDataImpl Line:365 - HHH000262: Table not found: sys_user
2019-08-29 16:48:16.577 INFO  org.hibernate.tool.schema.extract.internal.InformationExtractorJdbcDatabaseMetaDataImpl Line:365 - HHH000262: Table not found: sys_user
2019-08-29 16:48:17.000 INFO  org.springframework.orm.jpa.LocalContainerEntityManagerFactoryBean Line:392 - Initialized JPA EntityManagerFactory for persistence unit 'default'
2019-08-29 16:48:19.220 INFO  org.springframework.web.servlet.mvc.method.annotation.RequestMappingHandlerAdapter Line:534 - Looking for @ControllerAdvice: org.springframework.boot.context.embedded.AnnotationConfigEmbeddedWebApplicationContext@6aa3a905: startup date [Thu Aug 29 16:48:09 CST 2019]; root of context hierarchy
2019-08-29 16:48:19.388 INFO  org.springframework.web.servlet.mvc.method.annotation.RequestMappingHandlerMapping Line:543 - Mapped "{[/{module}/{sub}/{url}.shtml]}" onto public java.lang.String com.itstyle.bpmn.common.config.IndexController.page(java.lang.String,java.lang.String,java.lang.String)
2019-08-29 16:48:19.391 INFO  org.springframework.web.servlet.mvc.method.annotation.RequestMappingHandlerMapping Line:543 - Mapped "{[/{module}/{url}.shtml]}" onto public java.lang.String com.itstyle.bpmn.common.config.IndexController.page(java.lang.String,java.lang.String)
2019-08-29 16:48:19.392 INFO  org.springframework.web.servlet.mvc.method.annotation.RequestMappingHandlerMapping Line:543 - Mapped "{[/{url}.shtml]}" onto public java.lang.String com.itstyle.bpmn.common.config.IndexController.page(java.lang.String)
2019-08-29 16:48:19.395 INFO  org.springframework.web.servlet.mvc.method.annotation.RequestMappingHandlerMapping Line:543 - Mapped "{[/bpmn/remove]}" onto public com.itstyle.bpmn.common.entity.Result com.itstyle.bpmn.web.BpmnController.remove(java.lang.Integer,javax.servlet.http.HttpServletRequest)
2019-08-29 16:48:19.397 INFO  org.springframework.web.servlet.mvc.method.annotation.RequestMappingHandlerMapping Line:543 - Mapped "{[/bpmn/get]}" onto public com.itstyle.bpmn.common.entity.Result com.itstyle.bpmn.web.BpmnController.get(java.lang.Integer,javax.servlet.http.HttpServletRequest)
2019-08-29 16:48:19.399 INFO  org.springframework.web.servlet.mvc.method.annotation.RequestMappingHandlerMapping Line:543 - Mapped "{[/bpmn/list]}" onto public com.itstyle.bpmn.common.entity.Result com.itstyle.bpmn.web.BpmnController.list(java.util.Map<java.lang.String, java.lang.Object>,javax.servlet.http.HttpServletRequest)
2019-08-29 16:48:19.400 INFO  org.springframework.web.servlet.mvc.method.annotation.RequestMappingHandlerMapping Line:543 - Mapped "{[/bpmn/save]}" onto public com.itstyle.bpmn.common.entity.Result com.itstyle.bpmn.web.BpmnController.save(com.itstyle.bpmn.entity.BpmnModel,javax.servlet.http.HttpServletRequest)
2019-08-29 16:48:19.402 INFO  org.springframework.web.servlet.mvc.method.annotation.RequestMappingHandlerMapping Line:543 - Mapped "{[/elfinder/connector]}" onto public void com.itstyle.bpmn.web.ElfinderController.connector(javax.servlet.http.HttpServletRequest,javax.servlet.http.HttpServletResponse) throws java.io.IOException
2019-08-29 16:48:19.405 INFO  org.springframework.web.servlet.mvc.method.annotation.RequestMappingHandlerMapping Line:543 - Mapped "{[/getUser]}" onto public com.itstyle.bpmn.entity.SysUser com.itstyle.bpmn.web.LoginController.getUser(javax.servlet.http.HttpServletRequest)
2019-08-29 16:48:19.406 INFO  org.springframework.web.servlet.mvc.method.annotation.RequestMappingHandlerMapping Line:543 - Mapped "{[/logout]}" onto public void com.itstyle.bpmn.web.LoginController.logout(javax.servlet.http.HttpServletRequest,javax.servlet.http.HttpServletResponse) throws java.io.IOException
2019-08-29 16:48:19.407 INFO  org.springframework.web.servlet.mvc.method.annotation.RequestMappingHandlerMapping Line:543 - Mapped "{[/login],methods=[POST]}" onto public com.itstyle.bpmn.common.entity.Result com.itstyle.bpmn.web.LoginController.login(java.lang.String,java.lang.String,javax.servlet.http.HttpServletRequest)
2019-08-29 16:48:19.414 INFO  org.springframework.web.servlet.mvc.method.annotation.RequestMappingHandlerMapping Line:543 - Mapped "{[/user/remove]}" onto public com.itstyle.bpmn.common.entity.Result com.itstyle.bpmn.web.UserController.remove(java.lang.Integer,javax.servlet.http.HttpServletRequest)
2019-08-29 16:48:19.415 INFO  org.springframework.web.servlet.mvc.method.annotation.RequestMappingHandlerMapping Line:543 - Mapped "{[/user/get]}" onto public com.itstyle.bpmn.common.entity.Result com.itstyle.bpmn.web.UserController.get(java.lang.Integer,javax.servlet.http.HttpServletRequest)
2019-08-29 16:48:19.417 INFO  org.springframework.web.servlet.mvc.method.annotation.RequestMappingHandlerMapping Line:543 - Mapped "{[/user/list]}" onto public com.itstyle.bpmn.common.entity.Result com.itstyle.bpmn.web.UserController.list(java.util.Map<java.lang.String, java.lang.Object>,javax.servlet.http.HttpServletRequest)
2019-08-29 16:48:19.418 INFO  org.springframework.web.servlet.mvc.method.annotation.RequestMappingHandlerMapping Line:543 - Mapped "{[/user/save]}" onto public com.itstyle.bpmn.common.entity.Result com.itstyle.bpmn.web.UserController.save(com.itstyle.bpmn.entity.SysUser,javax.servlet.http.HttpServletRequest)
2019-08-29 16:48:19.419 INFO  org.springframework.web.servlet.mvc.method.annotation.RequestMappingHandlerMapping Line:543 - Mapped "{[/user/reset]}" onto public com.itstyle.bpmn.common.entity.Result com.itstyle.bpmn.web.UserController.reset(com.itstyle.bpmn.entity.SysUser,javax.servlet.http.HttpServletRequest)
2019-08-29 16:48:19.420 INFO  org.springframework.web.servlet.mvc.method.annotation.RequestMappingHandlerMapping Line:543 - Mapped "{[/user/edit]}" onto public com.itstyle.bpmn.common.entity.Result com.itstyle.bpmn.web.UserController.edit(com.itstyle.bpmn.entity.SysUser,javax.servlet.http.HttpServletRequest)
2019-08-29 16:48:19.428 INFO  org.springframework.web.servlet.mvc.method.annotation.RequestMappingHandlerMapping Line:543 - Mapped "{[/error]}" onto public org.springframework.http.ResponseEntity<java.util.Map<java.lang.String, java.lang.Object>> org.springframework.boot.autoconfigure.web.BasicErrorController.error(javax.servlet.http.HttpServletRequest)
2019-08-29 16:48:19.429 INFO  org.springframework.web.servlet.mvc.method.annotation.RequestMappingHandlerMapping Line:543 - Mapped "{[/error],produces=[text/html]}" onto public org.springframework.web.servlet.ModelAndView org.springframework.boot.autoconfigure.web.BasicErrorController.errorHtml(javax.servlet.http.HttpServletRequest,javax.servlet.http.HttpServletResponse)
2019-08-29 16:48:19.596 INFO  org.springframework.web.servlet.handler.SimpleUrlHandlerMapping Line:349 - Root mapping to handler of type [class org.springframework.web.servlet.mvc.ParameterizableViewController]
2019-08-29 16:48:19.638 INFO  org.springframework.web.servlet.handler.SimpleUrlHandlerMapping Line:362 - Mapped URL path [/webjars/**] onto handler of type [class org.springframework.web.servlet.resource.ResourceHttpRequestHandler]
2019-08-29 16:48:19.639 INFO  org.springframework.web.servlet.handler.SimpleUrlHandlerMapping Line:362 - Mapped URL path [/**] onto handler of type [class org.springframework.web.servlet.resource.ResourceHttpRequestHandler]
2019-08-29 16:48:19.723 INFO  org.springframework.web.servlet.mvc.method.annotation.ExceptionHandlerExceptionResolver Line:273 - Detected @ExceptionHandler methods in RRExceptionHandler
2019-08-29 16:48:19.789 INFO  org.springframework.web.servlet.handler.SimpleUrlHandlerMapping Line:362 - Mapped URL path [/**/favicon.ico] onto handler of type [class org.springframework.web.servlet.resource.ResourceHttpRequestHandler]
2019-08-29 16:48:20.795 INFO  org.springframework.jmx.export.annotation.AnnotationMBeanExporter Line:431 - Registering beans for JMX exposure on startup
2019-08-29 16:48:21.138 INFO  org.springframework.boot.context.embedded.undertow.UndertowEmbeddedServletContainer Line:160 - Undertow started on port(s) 8080 (http)
2019-08-29 16:48:21.147 INFO  com.itstyle.bpmn.Application Line:57  - Started Application in 12.971 seconds (JVM running for 14.46)
2019-08-29 16:48:21.147 INFO  com.itstyle.bpmn.Application Line:36  - 工作流作图服务 
2019-08-29 16:49:43.118 INFO  io.undertow.servlet Line:360 - Initializing Spring FrameworkServlet 'dispatcherServlet'
2019-08-29 16:49:43.118 INFO  org.springframework.web.servlet.DispatcherServlet Line:489 - FrameworkServlet 'dispatcherServlet': initialization started
2019-08-29 16:49:43.143 INFO  org.springframework.web.servlet.DispatcherServlet Line:508 - FrameworkServlet 'dispatcherServlet': initialization completed in 24 ms
2019-08-29 17:45:32.329 INFO  com.itstyle.bpmn.Application Line:48  - Starting Application on YYW-0506 with PID 912 (E:\workspaceIDEA\spring-boot-bpmn\target\classes started by zhaoqinli in E:\workspaceIDEA\spring-boot-bpmn)
2019-08-29 17:45:32.362 INFO  com.itstyle.bpmn.Application Line:593 - No active profile set, falling back to default profiles: default
2019-08-29 17:45:32.978 INFO  org.springframework.boot.context.embedded.AnnotationConfigEmbeddedWebApplicationContext Line:583 - Refreshing org.springframework.boot.context.embedded.AnnotationConfigEmbeddedWebApplicationContext@8dbfffb: startup date [Thu Aug 29 17:45:32 CST 2019]; root of context hierarchy
2019-08-29 17:45:35.170 INFO  org.springframework.context.support.PostProcessorRegistrationDelegate$BeanPostProcessorChecker Line:327 - Bean 'org.springframework.transaction.annotation.ProxyTransactionManagementConfiguration' of type [org.springframework.transaction.annotation.ProxyTransactionManagementConfiguration$$EnhancerBySpringCGLIB$$2c5a8eec] is not eligible for getting processed by all BeanPostProcessors (for example: not eligible for auto-proxying)
2019-08-29 17:45:35.622 INFO  org.xnio Line:104 - XNIO version 3.3.8.Final
2019-08-29 17:45:35.657 INFO  org.xnio.nio Line:55  - XNIO NIO Implementation Version 3.3.8.Final
2019-08-29 17:45:35.840 INFO  io.undertow.servlet Line:360 - Initializing Spring embedded WebApplicationContext
2019-08-29 17:45:35.841 INFO  org.springframework.web.context.ContextLoader Line:276 - Root WebApplicationContext: initialization completed in 2863 ms
2019-08-29 17:45:35.994 INFO  org.springframework.boot.web.servlet.ServletRegistrationBean Line:190 - Mapping servlet: 'dispatcherServlet' to [/]
2019-08-29 17:45:36.026 INFO  org.springframework.boot.web.servlet.FilterRegistrationBean Line:258 - Mapping filter: 'characterEncodingFilter' to: [/*]
2019-08-29 17:45:36.027 INFO  org.springframework.boot.web.servlet.FilterRegistrationBean Line:258 - Mapping filter: 'hiddenHttpMethodFilter' to: [/*]
2019-08-29 17:45:36.028 INFO  org.springframework.boot.web.servlet.FilterRegistrationBean Line:258 - Mapping filter: 'httpPutFormContentFilter' to: [/*]
2019-08-29 17:45:36.029 INFO  org.springframework.boot.web.servlet.FilterRegistrationBean Line:258 - Mapping filter: 'requestContextFilter' to: [/*]
2019-08-29 17:45:37.034 INFO  org.springframework.orm.jpa.LocalContainerEntityManagerFactoryBean Line:356 - Building JPA container EntityManagerFactory for persistence unit 'default'
2019-08-29 17:45:37.053 INFO  org.hibernate.jpa.internal.util.LogHelper Line:31  - HHH000204: Processing PersistenceUnitInfo [
	name: default
	...]
2019-08-29 17:45:37.194 INFO  org.hibernate.Version Line:37  - HHH000412: Hibernate Core {5.0.12.Final}
2019-08-29 17:45:37.197 INFO  org.hibernate.cfg.Environment Line:213 - HHH000206: hibernate.properties not found
2019-08-29 17:45:37.200 INFO  org.hibernate.cfg.Environment Line:317 - HHH000021: Bytecode provider name : javassist
2019-08-29 17:45:37.311 INFO  org.hibernate.annotations.common.Version Line:66  - HCANN000001: Hibernate Commons Annotations {5.0.1.Final}
2019-08-29 17:45:39.648 INFO  org.hibernate.dialect.Dialect Line:156 - HHH000400: Using dialect: org.hibernate.dialect.MySQL5Dialect
2019-08-29 17:45:40.584 INFO  org.hibernate.tool.hbm2ddl.SchemaUpdate Line:105 - HHH000228: Running hbm2ddl schema update
2019-08-29 17:45:41.166 INFO  org.springframework.orm.jpa.LocalContainerEntityManagerFactoryBean Line:392 - Initialized JPA EntityManagerFactory for persistence unit 'default'
2019-08-29 17:45:43.064 INFO  org.springframework.web.servlet.mvc.method.annotation.RequestMappingHandlerAdapter Line:534 - Looking for @ControllerAdvice: org.springframework.boot.context.embedded.AnnotationConfigEmbeddedWebApplicationContext@8dbfffb: startup date [Thu Aug 29 17:45:32 CST 2019]; root of context hierarchy
2019-08-29 17:45:43.157 INFO  org.springframework.web.servlet.mvc.method.annotation.RequestMappingHandlerMapping Line:543 - Mapped "{[/{module}/{sub}/{url}.shtml]}" onto public java.lang.String com.itstyle.bpmn.common.config.IndexController.page(java.lang.String,java.lang.String,java.lang.String)
2019-08-29 17:45:43.159 INFO  org.springframework.web.servlet.mvc.method.annotation.RequestMappingHandlerMapping Line:543 - Mapped "{[/{module}/{url}.shtml]}" onto public java.lang.String com.itstyle.bpmn.common.config.IndexController.page(java.lang.String,java.lang.String)
2019-08-29 17:45:43.160 INFO  org.springframework.web.servlet.mvc.method.annotation.RequestMappingHandlerMapping Line:543 - Mapped "{[/{url}.shtml]}" onto public java.lang.String com.itstyle.bpmn.common.config.IndexController.page(java.lang.String)
2019-08-29 17:45:43.163 INFO  org.springframework.web.servlet.mvc.method.annotation.RequestMappingHandlerMapping Line:543 - Mapped "{[/bpmn/remove]}" onto public com.itstyle.bpmn.common.entity.Result com.itstyle.bpmn.web.BpmnController.remove(java.lang.Integer,javax.servlet.http.HttpServletRequest)
2019-08-29 17:45:43.164 INFO  org.springframework.web.servlet.mvc.method.annotation.RequestMappingHandlerMapping Line:543 - Mapped "{[/bpmn/get]}" onto public com.itstyle.bpmn.common.entity.Result com.itstyle.bpmn.web.BpmnController.get(java.lang.Integer,javax.servlet.http.HttpServletRequest)
2019-08-29 17:45:43.165 INFO  org.springframework.web.servlet.mvc.method.annotation.RequestMappingHandlerMapping Line:543 - Mapped "{[/bpmn/list]}" onto public com.itstyle.bpmn.common.entity.Result com.itstyle.bpmn.web.BpmnController.list(java.util.Map<java.lang.String, java.lang.Object>,javax.servlet.http.HttpServletRequest)
2019-08-29 17:45:43.166 INFO  org.springframework.web.servlet.mvc.method.annotation.RequestMappingHandlerMapping Line:543 - Mapped "{[/bpmn/save]}" onto public com.itstyle.bpmn.common.entity.Result com.itstyle.bpmn.web.BpmnController.save(com.itstyle.bpmn.entity.BpmnModel,javax.servlet.http.HttpServletRequest)
2019-08-29 17:45:43.167 INFO  org.springframework.web.servlet.mvc.method.annotation.RequestMappingHandlerMapping Line:543 - Mapped "{[/elfinder/connector]}" onto public void com.itstyle.bpmn.web.ElfinderController.connector(javax.servlet.http.HttpServletRequest,javax.servlet.http.HttpServletResponse) throws java.io.IOException
2019-08-29 17:45:43.169 INFO  org.springframework.web.servlet.mvc.method.annotation.RequestMappingHandlerMapping Line:543 - Mapped "{[/getUser]}" onto public com.itstyle.bpmn.entity.SysUser com.itstyle.bpmn.web.LoginController.getUser(javax.servlet.http.HttpServletRequest)
2019-08-29 17:45:43.170 INFO  org.springframework.web.servlet.mvc.method.annotation.RequestMappingHandlerMapping Line:543 - Mapped "{[/logout]}" onto public void com.itstyle.bpmn.web.LoginController.logout(javax.servlet.http.HttpServletRequest,javax.servlet.http.HttpServletResponse) throws java.io.IOException
2019-08-29 17:45:43.170 INFO  org.springframework.web.servlet.mvc.method.annotation.RequestMappingHandlerMapping Line:543 - Mapped "{[/login],methods=[POST]}" onto public com.itstyle.bpmn.common.entity.Result com.itstyle.bpmn.web.LoginController.login(java.lang.String,java.lang.String,javax.servlet.http.HttpServletRequest)
2019-08-29 17:45:43.174 INFO  org.springframework.web.servlet.mvc.method.annotation.RequestMappingHandlerMapping Line:543 - Mapped "{[/user/remove]}" onto public com.itstyle.bpmn.common.entity.Result com.itstyle.bpmn.web.UserController.remove(java.lang.Integer,javax.servlet.http.HttpServletRequest)
2019-08-29 17:45:43.175 INFO  org.springframework.web.servlet.mvc.method.annotation.RequestMappingHandlerMapping Line:543 - Mapped "{[/user/get]}" onto public com.itstyle.bpmn.common.entity.Result com.itstyle.bpmn.web.UserController.get(java.lang.Integer,javax.servlet.http.HttpServletRequest)
2019-08-29 17:45:43.176 INFO  org.springframework.web.servlet.mvc.method.annotation.RequestMappingHandlerMapping Line:543 - Mapped "{[/user/list]}" onto public com.itstyle.bpmn.common.entity.Result com.itstyle.bpmn.web.UserController.list(java.util.Map<java.lang.String, java.lang.Object>,javax.servlet.http.HttpServletRequest)
2019-08-29 17:45:43.176 INFO  org.springframework.web.servlet.mvc.method.annotation.RequestMappingHandlerMapping Line:543 - Mapped "{[/user/save]}" onto public com.itstyle.bpmn.common.entity.Result com.itstyle.bpmn.web.UserController.save(com.itstyle.bpmn.entity.SysUser,javax.servlet.http.HttpServletRequest)
2019-08-29 17:45:43.177 INFO  org.springframework.web.servlet.mvc.method.annotation.RequestMappingHandlerMapping Line:543 - Mapped "{[/user/reset]}" onto public com.itstyle.bpmn.common.entity.Result com.itstyle.bpmn.web.UserController.reset(com.itstyle.bpmn.entity.SysUser,javax.servlet.http.HttpServletRequest)
2019-08-29 17:45:43.178 INFO  org.springframework.web.servlet.mvc.method.annotation.RequestMappingHandlerMapping Line:543 - Mapped "{[/user/edit]}" onto public com.itstyle.bpmn.common.entity.Result com.itstyle.bpmn.web.UserController.edit(com.itstyle.bpmn.entity.SysUser,javax.servlet.http.HttpServletRequest)
2019-08-29 17:45:43.184 INFO  org.springframework.web.servlet.mvc.method.annotation.RequestMappingHandlerMapping Line:543 - Mapped "{[/error]}" onto public org.springframework.http.ResponseEntity<java.util.Map<java.lang.String, java.lang.Object>> org.springframework.boot.autoconfigure.web.BasicErrorController.error(javax.servlet.http.HttpServletRequest)
2019-08-29 17:45:43.185 INFO  org.springframework.web.servlet.mvc.method.annotation.RequestMappingHandlerMapping Line:543 - Mapped "{[/error],produces=[text/html]}" onto public org.springframework.web.servlet.ModelAndView org.springframework.boot.autoconfigure.web.BasicErrorController.errorHtml(javax.servlet.http.HttpServletRequest,javax.servlet.http.HttpServletResponse)
2019-08-29 17:45:43.213 INFO  org.springframework.web.servlet.handler.SimpleUrlHandlerMapping Line:349 - Root mapping to handler of type [class org.springframework.web.servlet.mvc.ParameterizableViewController]
2019-08-29 17:45:43.233 INFO  org.springframework.web.servlet.handler.SimpleUrlHandlerMapping Line:362 - Mapped URL path [/webjars/**] onto handler of type [class org.springframework.web.servlet.resource.ResourceHttpRequestHandler]
2019-08-29 17:45:43.234 INFO  org.springframework.web.servlet.handler.SimpleUrlHandlerMapping Line:362 - Mapped URL path [/**] onto handler of type [class org.springframework.web.servlet.resource.ResourceHttpRequestHandler]
2019-08-29 17:45:43.263 INFO  org.springframework.web.servlet.mvc.method.annotation.ExceptionHandlerExceptionResolver Line:273 - Detected @ExceptionHandler methods in RRExceptionHandler
2019-08-29 17:45:43.299 INFO  org.springframework.web.servlet.handler.SimpleUrlHandlerMapping Line:362 - Mapped URL path [/**/favicon.ico] onto handler of type [class org.springframework.web.servlet.resource.ResourceHttpRequestHandler]
2019-08-29 17:45:43.780 INFO  org.springframework.jmx.export.annotation.AnnotationMBeanExporter Line:431 - Registering beans for JMX exposure on startup
2019-08-29 17:45:43.919 INFO  org.springframework.boot.context.embedded.undertow.UndertowEmbeddedServletContainer Line:160 - Undertow started on port(s) 8080 (http)
2019-08-29 17:45:43.926 INFO  com.itstyle.bpmn.Application Line:57  - Started Application in 12.946 seconds (JVM running for 15.586)
2019-08-29 17:45:43.926 INFO  com.itstyle.bpmn.Application Line:36  - 工作流作图服务 
2019-08-29 17:46:18.804 INFO  io.undertow.servlet Line:360 - Initializing Spring FrameworkServlet 'dispatcherServlet'
2019-08-29 17:46:18.805 INFO  org.springframework.web.servlet.DispatcherServlet Line:489 - FrameworkServlet 'dispatcherServlet': initialization started
2019-08-29 17:46:18.831 INFO  org.springframework.web.servlet.DispatcherServlet Line:508 - FrameworkServlet 'dispatcherServlet': initialization completed in 26 ms
2019-08-29 17:56:54.072 INFO  com.itstyle.bpmn.Application Line:48  - Starting Application on YYW-0506 with PID 3040 (E:\workspaceIDEA\spring-boot-bpmn\target\classes started by zhaoqinli in E:\workspaceIDEA\spring-boot-bpmn)
2019-08-29 17:56:54.083 INFO  com.itstyle.bpmn.Application Line:593 - No active profile set, falling back to default profiles: default
2019-08-29 17:56:54.619 INFO  org.springframework.boot.context.embedded.AnnotationConfigEmbeddedWebApplicationContext Line:583 - Refreshing org.springframework.boot.context.embedded.AnnotationConfigEmbeddedWebApplicationContext@6aa3a905: startup date [Thu Aug 29 17:56:54 CST 2019]; root of context hierarchy
2019-08-29 17:56:56.375 INFO  org.springframework.context.support.PostProcessorRegistrationDelegate$BeanPostProcessorChecker Line:327 - Bean 'org.springframework.transaction.annotation.ProxyTransactionManagementConfiguration' of type [org.springframework.transaction.annotation.ProxyTransactionManagementConfiguration$$EnhancerBySpringCGLIB$$d31d1e19] is not eligible for getting processed by all BeanPostProcessors (for example: not eligible for auto-proxying)
2019-08-29 17:56:56.848 INFO  org.xnio Line:104 - XNIO version 3.3.8.Final
2019-08-29 17:56:56.871 INFO  org.xnio.nio Line:55  - XNIO NIO Implementation Version 3.3.8.Final
2019-08-29 17:56:56.953 INFO  io.undertow.servlet Line:360 - Initializing Spring embedded WebApplicationContext
2019-08-29 17:56:56.954 INFO  org.springframework.web.context.ContextLoader Line:276 - Root WebApplicationContext: initialization completed in 2346 ms
2019-08-29 17:56:57.130 INFO  org.springframework.boot.web.servlet.ServletRegistrationBean Line:190 - Mapping servlet: 'dispatcherServlet' to [/]
2019-08-29 17:56:57.137 INFO  org.springframework.boot.web.servlet.FilterRegistrationBean Line:258 - Mapping filter: 'characterEncodingFilter' to: [/*]
2019-08-29 17:56:57.139 INFO  org.springframework.boot.web.servlet.FilterRegistrationBean Line:258 - Mapping filter: 'hiddenHttpMethodFilter' to: [/*]
2019-08-29 17:56:57.139 INFO  org.springframework.boot.web.servlet.FilterRegistrationBean Line:258 - Mapping filter: 'httpPutFormContentFilter' to: [/*]
2019-08-29 17:56:57.140 INFO  org.springframework.boot.web.servlet.FilterRegistrationBean Line:258 - Mapping filter: 'requestContextFilter' to: [/*]
2019-08-29 17:56:57.555 INFO  org.springframework.orm.jpa.LocalContainerEntityManagerFactoryBean Line:356 - Building JPA container EntityManagerFactory for persistence unit 'default'
2019-08-29 17:56:57.571 INFO  org.hibernate.jpa.internal.util.LogHelper Line:31  - HHH000204: Processing PersistenceUnitInfo [
	name: default
	...]
2019-08-29 17:56:57.674 INFO  org.hibernate.Version Line:37  - HHH000412: Hibernate Core {5.0.12.Final}
2019-08-29 17:56:57.680 INFO  org.hibernate.cfg.Environment Line:213 - HHH000206: hibernate.properties not found
2019-08-29 17:56:57.682 INFO  org.hibernate.cfg.Environment Line:317 - HHH000021: Bytecode provider name : javassist
2019-08-29 17:56:57.774 INFO  org.hibernate.annotations.common.Version Line:66  - HCANN000001: Hibernate Commons Annotations {5.0.1.Final}
2019-08-29 17:56:58.807 INFO  org.hibernate.dialect.Dialect Line:156 - HHH000400: Using dialect: org.hibernate.dialect.MySQL5Dialect
2019-08-29 17:57:00.036 INFO  org.hibernate.tool.hbm2ddl.SchemaUpdate Line:105 - HHH000228: Running hbm2ddl schema update
2019-08-29 17:57:00.530 INFO  org.springframework.orm.jpa.LocalContainerEntityManagerFactoryBean Line:392 - Initialized JPA EntityManagerFactory for persistence unit 'default'
2019-08-29 17:57:02.985 INFO  org.springframework.web.servlet.mvc.method.annotation.RequestMappingHandlerAdapter Line:534 - Looking for @ControllerAdvice: org.springframework.boot.context.embedded.AnnotationConfigEmbeddedWebApplicationContext@6aa3a905: startup date [Thu Aug 29 17:56:54 CST 2019]; root of context hierarchy
2019-08-29 17:57:03.121 INFO  org.springframework.web.servlet.mvc.method.annotation.RequestMappingHandlerMapping Line:543 - Mapped "{[/{module}/{sub}/{url}.shtml]}" onto public java.lang.String com.itstyle.bpmn.common.config.IndexController.page(java.lang.String,java.lang.String,java.lang.String)
2019-08-29 17:57:03.122 INFO  org.springframework.web.servlet.mvc.method.annotation.RequestMappingHandlerMapping Line:543 - Mapped "{[/{module}/{url}.shtml]}" onto public java.lang.String com.itstyle.bpmn.common.config.IndexController.page(java.lang.String,java.lang.String)
2019-08-29 17:57:03.123 INFO  org.springframework.web.servlet.mvc.method.annotation.RequestMappingHandlerMapping Line:543 - Mapped "{[/{url}.shtml]}" onto public java.lang.String com.itstyle.bpmn.common.config.IndexController.page(java.lang.String)
2019-08-29 17:57:03.126 INFO  org.springframework.web.servlet.mvc.method.annotation.RequestMappingHandlerMapping Line:543 - Mapped "{[/bpmn/remove]}" onto public com.itstyle.bpmn.common.entity.Result com.itstyle.bpmn.web.BpmnController.remove(java.lang.Integer,javax.servlet.http.HttpServletRequest)
2019-08-29 17:57:03.128 INFO  org.springframework.web.servlet.mvc.method.annotation.RequestMappingHandlerMapping Line:543 - Mapped "{[/bpmn/get]}" onto public com.itstyle.bpmn.common.entity.Result com.itstyle.bpmn.web.BpmnController.get(java.lang.Integer,javax.servlet.http.HttpServletRequest)
2019-08-29 17:57:03.129 INFO  org.springframework.web.servlet.mvc.method.annotation.RequestMappingHandlerMapping Line:543 - Mapped "{[/bpmn/list]}" onto public com.itstyle.bpmn.common.entity.Result com.itstyle.bpmn.web.BpmnController.list(java.util.Map<java.lang.String, java.lang.Object>,javax.servlet.http.HttpServletRequest)
2019-08-29 17:57:03.130 INFO  org.springframework.web.servlet.mvc.method.annotation.RequestMappingHandlerMapping Line:543 - Mapped "{[/bpmn/save]}" onto public com.itstyle.bpmn.common.entity.Result com.itstyle.bpmn.web.BpmnController.save(com.itstyle.bpmn.entity.BpmnModel,javax.servlet.http.HttpServletRequest)
2019-08-29 17:57:03.131 INFO  org.springframework.web.servlet.mvc.method.annotation.RequestMappingHandlerMapping Line:543 - Mapped "{[/elfinder/connector]}" onto public void com.itstyle.bpmn.web.ElfinderController.connector(javax.servlet.http.HttpServletRequest,javax.servlet.http.HttpServletResponse) throws java.io.IOException
2019-08-29 17:57:03.133 INFO  org.springframework.web.servlet.mvc.method.annotation.RequestMappingHandlerMapping Line:543 - Mapped "{[/getUser]}" onto public com.itstyle.bpmn.entity.SysUser com.itstyle.bpmn.web.LoginController.getUser(javax.servlet.http.HttpServletRequest)
2019-08-29 17:57:03.134 INFO  org.springframework.web.servlet.mvc.method.annotation.RequestMappingHandlerMapping Line:543 - Mapped "{[/logout]}" onto public void com.itstyle.bpmn.web.LoginController.logout(javax.servlet.http.HttpServletRequest,javax.servlet.http.HttpServletResponse) throws java.io.IOException
2019-08-29 17:57:03.135 INFO  org.springframework.web.servlet.mvc.method.annotation.RequestMappingHandlerMapping Line:543 - Mapped "{[/login],methods=[POST]}" onto public com.itstyle.bpmn.common.entity.Result com.itstyle.bpmn.web.LoginController.login(java.lang.String,java.lang.String,javax.servlet.http.HttpServletRequest)
2019-08-29 17:57:03.139 INFO  org.springframework.web.servlet.mvc.method.annotation.RequestMappingHandlerMapping Line:543 - Mapped "{[/user/remove]}" onto public com.itstyle.bpmn.common.entity.Result com.itstyle.bpmn.web.UserController.remove(java.lang.Integer,javax.servlet.http.HttpServletRequest)
2019-08-29 17:57:03.140 INFO  org.springframework.web.servlet.mvc.method.annotation.RequestMappingHandlerMapping Line:543 - Mapped "{[/user/get]}" onto public com.itstyle.bpmn.common.entity.Result com.itstyle.bpmn.web.UserController.get(java.lang.Integer,javax.servlet.http.HttpServletRequest)
2019-08-29 17:57:03.140 INFO  org.springframework.web.servlet.mvc.method.annotation.RequestMappingHandlerMapping Line:543 - Mapped "{[/user/list]}" onto public com.itstyle.bpmn.common.entity.Result com.itstyle.bpmn.web.UserController.list(java.util.Map<java.lang.String, java.lang.Object>,javax.servlet.http.HttpServletRequest)
2019-08-29 17:57:03.141 INFO  org.springframework.web.servlet.mvc.method.annotation.RequestMappingHandlerMapping Line:543 - Mapped "{[/user/save]}" onto public com.itstyle.bpmn.common.entity.Result com.itstyle.bpmn.web.UserController.save(com.itstyle.bpmn.entity.SysUser,javax.servlet.http.HttpServletRequest)
2019-08-29 17:57:03.142 INFO  org.springframework.web.servlet.mvc.method.annotation.RequestMappingHandlerMapping Line:543 - Mapped "{[/user/reset]}" onto public com.itstyle.bpmn.common.entity.Result com.itstyle.bpmn.web.UserController.reset(com.itstyle.bpmn.entity.SysUser,javax.servlet.http.HttpServletRequest)
2019-08-29 17:57:03.144 INFO  org.springframework.web.servlet.mvc.method.annotation.RequestMappingHandlerMapping Line:543 - Mapped "{[/user/edit]}" onto public com.itstyle.bpmn.common.entity.Result com.itstyle.bpmn.web.UserController.edit(com.itstyle.bpmn.entity.SysUser,javax.servlet.http.HttpServletRequest)
2019-08-29 17:57:03.149 INFO  org.springframework.web.servlet.mvc.method.annotation.RequestMappingHandlerMapping Line:543 - Mapped "{[/error]}" onto public org.springframework.http.ResponseEntity<java.util.Map<java.lang.String, java.lang.Object>> org.springframework.boot.autoconfigure.web.BasicErrorController.error(javax.servlet.http.HttpServletRequest)
2019-08-29 17:57:03.150 INFO  org.springframework.web.servlet.mvc.method.annotation.RequestMappingHandlerMapping Line:543 - Mapped "{[/error],produces=[text/html]}" onto public org.springframework.web.servlet.ModelAndView org.springframework.boot.autoconfigure.web.BasicErrorController.errorHtml(javax.servlet.http.HttpServletRequest,javax.servlet.http.HttpServletResponse)
2019-08-29 17:57:03.175 INFO  org.springframework.web.servlet.handler.SimpleUrlHandlerMapping Line:349 - Root mapping to handler of type [class org.springframework.web.servlet.mvc.ParameterizableViewController]
2019-08-29 17:57:03.201 INFO  org.springframework.web.servlet.handler.SimpleUrlHandlerMapping Line:362 - Mapped URL path [/webjars/**] onto handler of type [class org.springframework.web.servlet.resource.ResourceHttpRequestHandler]
2019-08-29 17:57:03.201 INFO  org.springframework.web.servlet.handler.SimpleUrlHandlerMapping Line:362 - Mapped URL path [/**] onto handler of type [class org.springframework.web.servlet.resource.ResourceHttpRequestHandler]
2019-08-29 17:57:03.257 INFO  org.springframework.web.servlet.mvc.method.annotation.ExceptionHandlerExceptionResolver Line:273 - Detected @ExceptionHandler methods in RRExceptionHandler
2019-08-29 17:57:03.301 INFO  org.springframework.web.servlet.handler.SimpleUrlHandlerMapping Line:362 - Mapped URL path [/**/favicon.ico] onto handler of type [class org.springframework.web.servlet.resource.ResourceHttpRequestHandler]
2019-08-29 17:57:03.867 INFO  org.springframework.jmx.export.annotation.AnnotationMBeanExporter Line:431 - Registering beans for JMX exposure on startup
2019-08-29 17:57:03.938 INFO  org.springframework.boot.context.embedded.undertow.UndertowEmbeddedServletContainer Line:160 - Undertow started on port(s) 8080 (http)
2019-08-29 17:57:03.945 INFO  com.itstyle.bpmn.Application Line:57  - Started Application in 10.696 seconds (JVM running for 12.194)
2019-08-29 17:57:03.945 INFO  com.itstyle.bpmn.Application Line:36  - 工作流作图服务 
